#
# There is insufficient memory for the Java Runtime Environment to continue.
# Native memory allocation (malloc) failed to allocate 1692976 bytes for Chunk::new
# Possible reasons:
#   The system is out of physical RAM or swap space
#   The process is running with CompressedOops enabled, and the Java Heap may be blocking the growth of the native heap
# Possible solutions:
#   Reduce memory load on the system
#   Increase physical memory or swap space
#   Check if swap backing store is full
#   Decrease Java heap size (-Xmx/-Xms)
#   Decrease number of Java threads
#   Decrease Java thread stack sizes (-Xss)
#   Set larger code cache with -XX:ReservedCodeCacheSize=
#   JVM is running with Unscaled Compressed Oops mode in which the Java heap is
#     placed in the first 4GB address space. The Java Heap base address is the
#     maximum limit for the native heap growth. Please use -XX:HeapBaseMinAddress
#     to set the Java Heap base and to place the Java Heap above 4GB virtual address.
# This output file may be truncated or incomplete.
#
#  Out of Memory Error (arena.cpp:189), pid=6228, tid=2276
#
# JRE version: OpenJDK Runtime Environment (17.0.7) (build 17.0.7+0-b2043.56-10550314)
# Java VM: OpenJDK 64-Bit Server VM (17.0.7+0-b2043.56-10550314, mixed mode, tiered, compressed oops, compressed class ptrs, g1 gc, windows-amd64)
# No core dump will be written. Minidumps are not enabled by default on client versions of Windows
#

---------------  S U M M A R Y ------------

Command Line: --add-opens=java.base/java.util=ALL-UNNAMED --add-opens=java.base/java.lang=ALL-UNNAMED --add-opens=java.base/java.lang.invoke=ALL-UNNAMED --add-opens=java.prefs/java.util.prefs=ALL-UNNAMED --add-opens=java.base/java.nio.charset=ALL-UNNAMED --add-opens=java.base/java.net=ALL-UNNAMED --add-opens=java.base/java.util.concurrent.atomic=ALL-UNNAMED -Xmx2048m -Dfile.encoding=UTF-8 -Duser.country=US -Duser.language=en -Duser.variant -javaagent:C:\Users\ASUS\.gradle\wrapper\dists\gradle-8.2-bin\bbg7u40eoinfdyxsxr3z4i7ta\gradle-8.2\lib\agents\gradle-instrumentation-agent-8.2.jar org.gradle.launcher.daemon.bootstrap.GradleDaemon 8.2

Host: 13th Gen Intel(R) Core(TM) i7-13700H, 20 cores, 15G,  Windows 11 , 64 bit Build 22621 (10.0.22621.3374)
Time: Sun Apr 28 15:50:20 2024 Sri Lanka Standard Time elapsed time: 459.950697 seconds (0d 0h 7m 39s)

---------------  T H R E A D  ---------------

Current thread (0x00000210960d0ee0):  JavaThread "C2 CompilerThread0" daemon [_thread_in_native, id=2276, stack(0x0000006a3b300000,0x0000006a3b400000)]


Current CompileTask:
C2: 459950 19909       4       java.text.SimpleDateFormat::subFormat (1264 bytes)

Stack: [0x0000006a3b300000,0x0000006a3b400000]
Native frames: (J=compiled Java code, j=interpreted, Vv=VM code, C=native code)
V  [jvm.dll+0x683bfa]
V  [jvm.dll+0x8430a4]
V  [jvm.dll+0x8449be]
V  [jvm.dll+0x845023]
V  [jvm.dll+0x24ad2f]
V  [jvm.dll+0xac25c]
V  [jvm.dll+0xac82c]
V  [jvm.dll+0x36a132]
V  [jvm.dll+0x334821]
V  [jvm.dll+0x333cca]
V  [jvm.dll+0x21d251]
V  [jvm.dll+0x21c671]
V  [jvm.dll+0x1a605d]
V  [jvm.dll+0x22c148]
V  [jvm.dll+0x22a209]
V  [jvm.dll+0x7f858c]
V  [jvm.dll+0x7f2aea]
V  [jvm.dll+0x682a35]
C  [ucrtbase.dll+0x29333]
C  [KERNEL32.DLL+0x1257d]
C  [ntdll.dll+0x5aa48]


---------------  P R O C E S S  ---------------

Threads class SMR info:
_java_thread_list=0x00000210969f8df0, length=78, elements={
0x00000210f6e10d70, 0x0000021096092040, 0x0000021096092cc0, 0x000002109607b460,
0x00000210960cb420, 0x00000210960cddf0, 0x00000210960ceed0, 0x00000210960d0ee0,
0x00000210960d1890, 0x00000210960d41a0, 0x00000210961e8e80, 0x00000210963fe6f0,
0x000002109706b550, 0x000002109706ba20, 0x0000021097068060, 0x0000021097068a00,
0x000002109706b080, 0x000002109900c0c0, 0x000002109900b250, 0x000002109900cf30,
0x000002109900e740, 0x000002109900d8d0, 0x000002109900f0e0, 0x000002109900e270,
0x00000210990108f0, 0x0000021099010dc0, 0x0000021099011760, 0x000002109900ad80,
0x000002109900a8b0, 0x000002109b28f220, 0x000002109b28d070, 0x000002109b28dee0,
0x000002109b2943f0, 0x00000210970693a0, 0x000002109c5bfe00, 0x000002109c5bef90,
0x000002109c5c1140, 0x000002109c5beac0, 0x000002109c5bdc50, 0x000002109c5bf460,
0x000002109c5bf930, 0x000002109c5c07a0, 0x000002109c5be120, 0x000002109c5bd780,
0x00000210971093b0, 0x000002109d2ec880, 0x000002109ddb8d40, 0x00000210982b5d40,
0x00000210982b66e0, 0x00000210a348fcf0, 0x000002109d2ea200, 0x00000210a42f1fc0,
0x00000210a42f3300, 0x00000210a42f2490, 0x00000210a42f1af0, 0x00000210a42f02e0,
0x0000021099263a20, 0x00000210962aa220, 0x000002109d0cb090, 0x000002109e4b8da0,
0x00000210a3d5cef0, 0x000002109d2eb070, 0x00000210a6275600, 0x00000210a34919d0,
0x00000210975b3000, 0x000002109d0c93b0, 0x000002109d0c8ee0, 0x000002109b28fbc0,
0x000002109b290560, 0x000002109b28e3b0, 0x000002109b2913d0, 0x000002109b28f6f0,
0x000002109b28e880, 0x000002109b290090, 0x000002109b28d540, 0x000002109b290a30,
0x000002109b292be0, 0x000002109b5825a0
}

Java Threads: ( => current thread )
  0x00000210f6e10d70 JavaThread "main" [_thread_blocked, id=2332, stack(0x0000006a3a600000,0x0000006a3a700000)]
  0x0000021096092040 JavaThread "Reference Handler" daemon [_thread_blocked, id=11992, stack(0x0000006a3ad00000,0x0000006a3ae00000)]
  0x0000021096092cc0 JavaThread "Finalizer" daemon [_thread_blocked, id=14832, stack(0x0000006a3ae00000,0x0000006a3af00000)]
  0x000002109607b460 JavaThread "Signal Dispatcher" daemon [_thread_blocked, id=7816, stack(0x0000006a3af00000,0x0000006a3b000000)]
  0x00000210960cb420 JavaThread "Attach Listener" daemon [_thread_blocked, id=15280, stack(0x0000006a3b000000,0x0000006a3b100000)]
  0x00000210960cddf0 JavaThread "Service Thread" daemon [_thread_blocked, id=15748, stack(0x0000006a3b100000,0x0000006a3b200000)]
  0x00000210960ceed0 JavaThread "Monitor Deflation Thread" daemon [_thread_blocked, id=12060, stack(0x0000006a3b200000,0x0000006a3b300000)]
=>0x00000210960d0ee0 JavaThread "C2 CompilerThread0" daemon [_thread_in_native, id=2276, stack(0x0000006a3b300000,0x0000006a3b400000)]
  0x00000210960d1890 JavaThread "C1 CompilerThread0" daemon [_thread_in_vm, id=11188, stack(0x0000006a3b400000,0x0000006a3b500000)]
  0x00000210960d41a0 JavaThread "Sweeper thread" daemon [_thread_blocked, id=1284, stack(0x0000006a3b500000,0x0000006a3b600000)]
  0x00000210961e8e80 JavaThread "Common-Cleaner" daemon [_thread_blocked, id=8852, stack(0x0000006a3b600000,0x0000006a3b700000)]
  0x00000210963fe6f0 JavaThread "Notification Thread" daemon [_thread_blocked, id=17260, stack(0x0000006a3ba00000,0x0000006a3bb00000)]
  0x000002109706b550 JavaThread "Daemon health stats" [_thread_blocked, id=11144, stack(0x0000006a3c400000,0x0000006a3c500000)]
  0x000002109706ba20 JavaThread "Incoming local TCP Connector on port 1451" [_thread_in_native, id=6992, stack(0x0000006a3c500000,0x0000006a3c600000)]
  0x0000021097068060 JavaThread "Daemon periodic checks" [_thread_blocked, id=448, stack(0x0000006a3c600000,0x0000006a3c700000)]
  0x0000021097068a00 JavaThread "Cache worker for journal cache (C:\Users\ASUS\.gradle\caches\journal-1)" [_thread_blocked, id=17232, stack(0x0000006a3da00000,0x0000006a3db00000)]
  0x000002109706b080 JavaThread "File lock request listener" [_thread_in_native, id=14452, stack(0x0000006a3db00000,0x0000006a3dc00000)]
  0x000002109900c0c0 JavaThread "Cache worker for file hash cache (C:\Users\ASUS\.gradle\caches\8.2\fileHashes)" [_thread_blocked, id=5656, stack(0x0000006a3dc00000,0x0000006a3dd00000)]
  0x000002109900b250 JavaThread "File watcher server" daemon [_thread_in_native, id=11732, stack(0x0000006a3dd00000,0x0000006a3de00000)]
  0x000002109900cf30 JavaThread "File watcher consumer" daemon [_thread_blocked, id=2320, stack(0x0000006a3de00000,0x0000006a3df00000)]
  0x000002109900e740 JavaThread "Cache worker for file content cache (C:\Users\ASUS\.gradle\caches\8.2\fileContent)" [_thread_blocked, id=5820, stack(0x0000006a3e100000,0x0000006a3e200000)]
  0x000002109900d8d0 JavaThread "Cache worker for execution history cache (C:\Users\ASUS\.gradle\caches\8.2\executionHistory)" [_thread_blocked, id=17548, stack(0x0000006a3e400000,0x0000006a3e500000)]
  0x000002109900f0e0 JavaThread "jar transforms" [_thread_blocked, id=10960, stack(0x0000006a3e500000,0x0000006a3e600000)]
  0x000002109900e270 JavaThread "jar transforms Thread 2" [_thread_blocked, id=13924, stack(0x0000006a3e600000,0x0000006a3e700000)]
  0x00000210990108f0 JavaThread "Cache worker for kotlin-dsl (C:\Users\ASUS\.gradle\caches\8.2\kotlin-dsl)" [_thread_blocked, id=9524, stack(0x0000006a3e800000,0x0000006a3e900000)]
  0x0000021099010dc0 JavaThread "jar transforms Thread 3" [_thread_blocked, id=2932, stack(0x0000006a3e900000,0x0000006a3ea00000)]
  0x0000021099011760 JavaThread "jar transforms Thread 4" [_thread_blocked, id=2672, stack(0x0000006a3ea00000,0x0000006a3eb00000)]
  0x000002109900ad80 JavaThread "jar transforms Thread 5" [_thread_blocked, id=13668, stack(0x0000006a3eb00000,0x0000006a3ec00000)]
  0x000002109900a8b0 JavaThread "jar transforms Thread 6" [_thread_blocked, id=4652, stack(0x0000006a3ec00000,0x0000006a3ed00000)]
  0x000002109b28f220 JavaThread "jar transforms Thread 7" [_thread_blocked, id=7852, stack(0x0000006a3ef00000,0x0000006a3f000000)]
  0x000002109b28d070 JavaThread "jar transforms Thread 8" [_thread_blocked, id=11816, stack(0x0000006a3f000000,0x0000006a3f100000)]
  0x000002109b28dee0 JavaThread "jar transforms Thread 9" [_thread_blocked, id=12368, stack(0x0000006a40500000,0x0000006a40600000)]
  0x000002109b2943f0 JavaThread "jar transforms Thread 10" [_thread_blocked, id=2920, stack(0x0000006a40600000,0x0000006a40700000)]
  0x00000210970693a0 JavaThread "jar transforms Thread 11" [_thread_blocked, id=15964, stack(0x0000006a40700000,0x0000006a40800000)]
  0x000002109c5bfe00 JavaThread "jar transforms Thread 12" [_thread_blocked, id=3516, stack(0x0000006a40800000,0x0000006a40900000)]
  0x000002109c5bef90 JavaThread "jar transforms Thread 13" [_thread_blocked, id=9012, stack(0x0000006a40900000,0x0000006a40a00000)]
  0x000002109c5c1140 JavaThread "jar transforms Thread 14" [_thread_blocked, id=13240, stack(0x0000006a40a00000,0x0000006a40b00000)]
  0x000002109c5beac0 JavaThread "jar transforms Thread 15" [_thread_blocked, id=2156, stack(0x0000006a40b00000,0x0000006a40c00000)]
  0x000002109c5bdc50 JavaThread "jar transforms Thread 16" [_thread_blocked, id=14840, stack(0x0000006a40c00000,0x0000006a40d00000)]
  0x000002109c5bf460 JavaThread "jar transforms Thread 17" [_thread_blocked, id=9756, stack(0x0000006a40d00000,0x0000006a40e00000)]
  0x000002109c5bf930 JavaThread "jar transforms Thread 18" [_thread_blocked, id=9636, stack(0x0000006a40e00000,0x0000006a40f00000)]
  0x000002109c5c07a0 JavaThread "jar transforms Thread 19" [_thread_blocked, id=15484, stack(0x0000006a40f00000,0x0000006a41000000)]
  0x000002109c5be120 JavaThread "jar transforms Thread 20" [_thread_blocked, id=5072, stack(0x0000006a41000000,0x0000006a41100000)]
  0x000002109c5bd780 JavaThread "Memory manager" [_thread_blocked, id=13096, stack(0x0000006a3e700000,0x0000006a3e800000)]
  0x00000210971093b0 JavaThread "ForkJoinPool.commonPool-worker-1" daemon [_thread_blocked, id=10248, stack(0x0000006a4e700000,0x0000006a4e800000)]
  0x000002109d2ec880 JavaThread "ForkJoinPool.commonPool-worker-3" daemon [_thread_blocked, id=11528, stack(0x0000006a4e900000,0x0000006a4ea00000)]
  0x000002109ddb8d40 JavaThread "ForkJoinPool.commonPool-worker-4" daemon [_thread_blocked, id=17736, stack(0x0000006a4ea00000,0x0000006a4eb00000)]
  0x00000210982b5d40 JavaThread "ForkJoinPool.commonPool-worker-8" daemon [_thread_blocked, id=14868, stack(0x0000006a4ee00000,0x0000006a4ef00000)]
  0x00000210982b66e0 JavaThread "ForkJoinPool.commonPool-worker-9" daemon [_thread_blocked, id=1212, stack(0x0000006a4ef00000,0x0000006a4f000000)]
  0x00000210a348fcf0 JavaThread "ForkJoinPool.commonPool-worker-10" daemon [_thread_blocked, id=11736, stack(0x0000006a4f000000,0x0000006a4f100000)]
  0x000002109d2ea200 JavaThread "ForkJoinPool.commonPool-worker-11" daemon [_thread_blocked, id=15996, stack(0x0000006a4f100000,0x0000006a4f200000)]
  0x00000210a42f1fc0 JavaThread "RMI Scheduler(0)" daemon [_thread_blocked, id=12952, stack(0x0000006a45200000,0x0000006a45300000)]
  0x00000210a42f3300 JavaThread "RMI RenewClean-[127.0.0.1:17814,org.jetbrains.kotlin.daemon.common.LoopbackNetworkInterface$ClientLoopbackSocketFactory@2be906e8]" daemon [_thread_blocked, id=15868, stack(0x0000006a45300000,0x0000006a45400000)]
  0x00000210a42f2490 JavaThread "RMI GC Daemon" daemon [_thread_blocked, id=4328, stack(0x0000006a45400000,0x0000006a45500000)]
  0x00000210a42f1af0 JavaThread "RMI TCP Accept-0" daemon [_thread_in_native, id=8432, stack(0x0000006a45500000,0x0000006a45600000)]
  0x00000210a42f02e0 JavaThread "RMI Reaper" [_thread_blocked, id=13808, stack(0x0000006a45600000,0x0000006a45700000)]
  0x0000021099263a20 JavaThread "ForkJoinPool.commonPool-worker-13" daemon [_thread_blocked, id=4316, stack(0x0000006a46b00000,0x0000006a46c00000)]
  0x00000210962aa220 JavaThread "ForkJoinPool.commonPool-worker-14" daemon [_thread_blocked, id=17008, stack(0x0000006a46c00000,0x0000006a46d00000)]
  0x000002109d0cb090 JavaThread "ForkJoinPool.commonPool-worker-15" daemon [_thread_blocked, id=2784, stack(0x0000006a46d00000,0x0000006a46e00000)]
  0x000002109e4b8da0 JavaThread "ForkJoinPool.commonPool-worker-16" daemon [_thread_blocked, id=5488, stack(0x0000006a46e00000,0x0000006a46f00000)]
  0x00000210a3d5cef0 JavaThread "Daemon Thread 3" [_thread_blocked, id=1824, stack(0x0000006a3a300000,0x0000006a3a400000)]
  0x000002109d2eb070 JavaThread "Daemon worker Thread 3" [_thread_in_native, id=5772, stack(0x0000006a3b700000,0x0000006a3b800000)]
  0x00000210a6275600 JavaThread "included builds" [_thread_blocked, id=11276, stack(0x0000006a41300000,0x0000006a41400000)]
  0x00000210a34919d0 JavaThread "RMI RenewClean-[127.0.0.1:17121,org.jetbrains.kotlin.daemon.common.LoopbackNetworkInterface$ClientLoopbackSocketFactory@7822b951]" daemon [_thread_blocked, id=14156, stack(0x0000006a3e200000,0x0000006a3e300000)]
  0x00000210975b3000 JavaThread "RMI TCP Connection(idle)" daemon [_thread_blocked, id=14052, stack(0x0000006a3c700000,0x0000006a3c800000)]
  0x000002109d0c93b0 JavaThread "ForkJoinPool.commonPool-worker-17" daemon [_thread_blocked, id=14072, stack(0x0000006a47000000,0x0000006a47100000)]
  0x000002109d0c8ee0 JavaThread "ForkJoinPool.commonPool-worker-18" daemon [_thread_blocked, id=3192, stack(0x0000006a47100000,0x0000006a47200000)]
  0x000002109b28fbc0 JavaThread "Handler for socket connection from /127.0.0.1:1451 to /127.0.0.1:1674" [_thread_in_native, id=16444, stack(0x0000006a3a400000,0x0000006a3a500000)]
  0x000002109b290560 JavaThread "Cancel handler" [_thread_blocked, id=17752, stack(0x0000006a3a500000,0x0000006a3a600000)]
  0x000002109b28e3b0 JavaThread "Asynchronous log dispatcher for DefaultDaemonConnection: socket connection from /127.0.0.1:1451 to /127.0.0.1:1674" [_thread_blocked, id=7004, stack(0x0000006a3b800000,0x0000006a3b900000)]
  0x000002109b2913d0 JavaThread "Stdin handler" [_thread_blocked, id=18016, stack(0x0000006a3b900000,0x0000006a3ba00000)]
  0x000002109b28f6f0 JavaThread "Daemon client event forwarder" [_thread_blocked, id=2340, stack(0x0000006a3bc00000,0x0000006a3bd00000)]
  0x000002109b28e880 JavaThread "Cache worker for checksums cache (C:\Users\ASUS\AndroidStudioProjects\Mathquizgame\.gradle\8.2\checksums)" [_thread_blocked, id=16488, stack(0x0000006a3bd00000,0x0000006a3be00000)]
  0x000002109b290090 JavaThread "Cache worker for cache directory md-rule (C:\Users\ASUS\.gradle\caches\8.2\md-rule)" [_thread_blocked, id=6204, stack(0x0000006a3be00000,0x0000006a3bf00000)]
  0x000002109b28d540 JavaThread "Cache worker for file hash cache (C:\Users\ASUS\AndroidStudioProjects\Mathquizgame\.gradle\8.2\fileHashes)" [_thread_blocked, id=16472, stack(0x0000006a3c800000,0x0000006a3c900000)]
  0x000002109b290a30 JavaThread "Cache worker for cache directory md-supplier (C:\Users\ASUS\.gradle\caches\8.2\md-supplier)" [_thread_blocked, id=2352, stack(0x0000006a3c900000,0x0000006a3ca00000)]
  0x000002109b292be0 JavaThread "Cache worker for dependencies-accessors (C:\Users\ASUS\AndroidStudioProjects\Mathquizgame\.gradle\8.2\dependencies-accessors)" [_thread_blocked, id=13304, stack(0x0000006a3ca00000,0x0000006a3cb00000)]
  0x000002109b5825a0 JavaThread "C2 CompilerThread1" daemon [_thread_in_native, id=2880, stack(0x0000006a3cb00000,0x0000006a3cc00000)]

Other Threads:
  0x0000021096012850 VMThread "VM Thread" [stack: 0x0000006a3ac00000,0x0000006a3ad00000] [id=6608]
  0x000002109636ac10 WatcherThread [stack: 0x0000006a3bb00000,0x0000006a3bc00000] [id=17564]
  0x00000210f6e6c2c0 GCTaskThread "GC Thread#0" [stack: 0x0000006a3a700000,0x0000006a3a800000] [id=15752]
  0x0000021096c400f0 GCTaskThread "GC Thread#1" [stack: 0x0000006a3bf00000,0x0000006a3c000000] [id=4416]
  0x0000021096ffb040 GCTaskThread "GC Thread#2" [stack: 0x0000006a3c000000,0x0000006a3c100000] [id=10452]
  0x0000021096ffb2f0 GCTaskThread "GC Thread#3" [stack: 0x0000006a3c100000,0x0000006a3c200000] [id=7316]
  0x00000210972e50e0 GCTaskThread "GC Thread#4" [stack: 0x0000006a3c200000,0x0000006a3c300000] [id=10760]
  0x00000210972e5390 GCTaskThread "GC Thread#5" [stack: 0x0000006a3c300000,0x0000006a3c400000] [id=6660]
  0x0000021096e78880 GCTaskThread "GC Thread#6" [stack: 0x0000006a3ce00000,0x0000006a3cf00000] [id=6316]
  0x0000021096e77dc0 GCTaskThread "GC Thread#7" [stack: 0x0000006a3cf00000,0x0000006a3d000000] [id=9396]
  0x0000021096e77050 GCTaskThread "GC Thread#8" [stack: 0x0000006a3d000000,0x0000006a3d100000] [id=10940]
  0x0000021096e76da0 GCTaskThread "GC Thread#9" [stack: 0x0000006a3d100000,0x0000006a3d200000] [id=8608]
  0x0000021096e775b0 GCTaskThread "GC Thread#10" [stack: 0x0000006a3d200000,0x0000006a3d300000] [id=6792]
  0x0000021096e77860 GCTaskThread "GC Thread#11" [stack: 0x0000006a3d300000,0x0000006a3d400000] [id=10348]
  0x0000021096e785d0 GCTaskThread "GC Thread#12" [stack: 0x0000006a3d400000,0x0000006a3d500000] [id=6800]
  0x0000021096e78070 GCTaskThread "GC Thread#13" [stack: 0x0000006a3d500000,0x0000006a3d600000] [id=6496]
  0x0000021096e77b10 GCTaskThread "GC Thread#14" [stack: 0x0000006a3d600000,0x0000006a3d700000] [id=16840]
  0x00000210f6e7e120 ConcurrentGCThread "G1 Main Marker" [stack: 0x0000006a3a800000,0x0000006a3a900000] [id=12316]
  0x00000210f6e7ea40 ConcurrentGCThread "G1 Conc#0" [stack: 0x0000006a3a900000,0x0000006a3aa00000] [id=7864]
  0x0000021098a9bad0 ConcurrentGCThread "G1 Conc#1" [stack: 0x0000006a3d700000,0x0000006a3d800000] [id=3304]
  0x0000021098a9d300 ConcurrentGCThread "G1 Conc#2" [stack: 0x0000006a3d800000,0x0000006a3d900000] [id=10448]
  0x0000021098a9c030 ConcurrentGCThread "G1 Conc#3" [stack: 0x0000006a3d900000,0x0000006a3da00000] [id=9908]
  0x00000210f6ece630 ConcurrentGCThread "G1 Refine#0" [stack: 0x0000006a3aa00000,0x0000006a3ab00000] [id=12084]
  0x000002109bf7b800 ConcurrentGCThread "G1 Refine#1" [stack: 0x0000006a41500000,0x0000006a41600000] [id=15528]
  0x000002109bf7cf00 ConcurrentGCThread "G1 Refine#2" [stack: 0x0000006a41600000,0x0000006a41700000] [id=2752]
  0x000002109bf7d4c0 ConcurrentGCThread "G1 Refine#3" [stack: 0x0000006a41700000,0x0000006a41800000] [id=1496]
  0x000002109bf79b40 ConcurrentGCThread "G1 Refine#4" [stack: 0x0000006a41800000,0x0000006a41900000] [id=14480]
  0x000002109bf7a100 ConcurrentGCThread "G1 Refine#5" [stack: 0x0000006a41900000,0x0000006a41a00000] [id=3028]
  0x00000210910c4080 ConcurrentGCThread "G1 Service" [stack: 0x0000006a3ab00000,0x0000006a3ac00000] [id=18120]

Threads with active compile tasks:
C2 CompilerThread0   459961 19909       4       java.text.SimpleDateFormat::subFormat (1264 bytes)
C2 CompilerThread1   459961 19926       4       java.net.URI$Parser::scan (53 bytes)

VM state: not at safepoint (normal execution)

VM Mutex/Monitor currently owned by a thread: None

Heap address: 0x0000000080000000, size: 2048 MB, Compressed Oops mode: 32-bit

CDS archive(s) not mapped
Compressed class space mapped at: 0x0000000100000000-0x0000000140000000, reserved size: 1073741824
Narrow klass base: 0x0000000000000000, Narrow klass shift: 3, Narrow klass range: 0x140000000

GC Precious Log:
 CPUs: 20 total, 20 available
 Memory: 16003M
 Large Page Support: Disabled
 NUMA Support: Disabled
 Compressed Oops: Enabled (32-bit)
 Heap Region Size: 1M
 Heap Min Capacity: 8M
 Heap Initial Capacity: 252M
 Heap Max Capacity: 2G
 Pre-touch: Disabled
 Parallel Workers: 15
 Concurrent Workers: 4
 Concurrent Refinement Workers: 15
 Periodic GC: Disabled

Heap:
 garbage-first heap   total 268288K, used 176218K [0x0000000080000000, 0x0000000100000000)
  region size 1024K, 20 young (20480K), 2 survivors (2048K)
 Metaspace       used 128008K, committed 129024K, reserved 1179648K
  class space    used 17751K, committed 18240K, reserved 1048576K

Heap Regions: E=young(eden), S=young(survivor), O=old, HS=humongous(starts), HC=humongous(continues), CS=collection set, F=free, OA=open archive, CA=closed archive, TAMS=top-at-mark-start (previous, next)
|   0|0x0000000080000000, 0x0000000080100000, 0x0000000080100000|100%|HS|  |TAMS 0x0000000080100000, 0x0000000080000000| Complete 
|   1|0x0000000080100000, 0x0000000080200000, 0x0000000080200000|100%|HC|  |TAMS 0x0000000080200000, 0x0000000080100000| Complete 
|   2|0x0000000080200000, 0x0000000080300000, 0x0000000080300000|100%|HC|  |TAMS 0x0000000080300000, 0x0000000080200000| Complete 
|   3|0x0000000080300000, 0x0000000080400000, 0x0000000080400000|100%|HC|  |TAMS 0x0000000080400000, 0x0000000080300000| Complete 
|   4|0x0000000080400000, 0x0000000080500000, 0x0000000080500000|100%| O|  |TAMS 0x0000000080500000, 0x0000000080400000| Untracked 
|   5|0x0000000080500000, 0x0000000080600000, 0x0000000080600000|100%| O|  |TAMS 0x0000000080600000, 0x0000000080500000| Untracked 
|   6|0x0000000080600000, 0x0000000080700000, 0x0000000080700000|100%| O|  |TAMS 0x0000000080700000, 0x0000000080600000| Untracked 
|   7|0x0000000080700000, 0x0000000080800000, 0x0000000080800000|100%| O|  |TAMS 0x0000000080800000, 0x0000000080700000| Untracked 
|   8|0x0000000080800000, 0x0000000080900000, 0x0000000080900000|100%| O|  |TAMS 0x0000000080900000, 0x0000000080800000| Untracked 
|   9|0x0000000080900000, 0x0000000080a00000, 0x0000000080a00000|100%| O|  |TAMS 0x0000000080a00000, 0x0000000080900000| Untracked 
|  10|0x0000000080a00000, 0x0000000080b00000, 0x0000000080b00000|100%| O|  |TAMS 0x0000000080b00000, 0x0000000080a00000| Untracked 
|  11|0x0000000080b00000, 0x0000000080c00000, 0x0000000080c00000|100%| O|  |TAMS 0x0000000080c00000, 0x0000000080b00000| Untracked 
|  12|0x0000000080c00000, 0x0000000080d00000, 0x0000000080d00000|100%| O|  |TAMS 0x0000000080d00000, 0x0000000080c00000| Untracked 
|  13|0x0000000080d00000, 0x0000000080e00000, 0x0000000080e00000|100%| O|  |TAMS 0x0000000080e00000, 0x0000000080d00000| Untracked 
|  14|0x0000000080e00000, 0x0000000080f00000, 0x0000000080f00000|100%| O|  |TAMS 0x0000000080f00000, 0x0000000080e00000| Untracked 
|  15|0x0000000080f00000, 0x0000000081000000, 0x0000000081000000|100%| O|  |TAMS 0x0000000081000000, 0x0000000080f00000| Untracked 
|  16|0x0000000081000000, 0x0000000081100000, 0x0000000081100000|100%| O|  |TAMS 0x0000000081100000, 0x0000000081000000| Untracked 
|  17|0x0000000081100000, 0x0000000081200000, 0x0000000081200000|100%| O|  |TAMS 0x0000000081200000, 0x0000000081100000| Untracked 
|  18|0x0000000081200000, 0x0000000081300000, 0x0000000081300000|100%| O|  |TAMS 0x0000000081300000, 0x0000000081200000| Untracked 
|  19|0x0000000081300000, 0x0000000081400000, 0x0000000081400000|100%| O|  |TAMS 0x0000000081400000, 0x0000000081300000| Untracked 
|  20|0x0000000081400000, 0x0000000081500000, 0x0000000081500000|100%| O|  |TAMS 0x0000000081500000, 0x0000000081400000| Untracked 
|  21|0x0000000081500000, 0x0000000081600000, 0x0000000081600000|100%| O|  |TAMS 0x0000000081600000, 0x0000000081500000| Untracked 
|  22|0x0000000081600000, 0x0000000081700000, 0x0000000081700000|100%| O|  |TAMS 0x0000000081700000, 0x0000000081600000| Untracked 
|  23|0x0000000081700000, 0x0000000081800000, 0x0000000081800000|100%| O|  |TAMS 0x0000000081800000, 0x0000000081700000| Untracked 
|  24|0x0000000081800000, 0x0000000081900000, 0x0000000081900000|100%| O|  |TAMS 0x0000000081900000, 0x0000000081800000| Untracked 
|  25|0x0000000081900000, 0x0000000081a00000, 0x0000000081a00000|100%| O|  |TAMS 0x0000000081a00000, 0x0000000081900000| Untracked 
|  26|0x0000000081a00000, 0x0000000081b00000, 0x0000000081b00000|100%| O|  |TAMS 0x0000000081b00000, 0x0000000081a00000| Untracked 
|  27|0x0000000081b00000, 0x0000000081c00000, 0x0000000081c00000|100%| O|  |TAMS 0x0000000081c00000, 0x0000000081b00000| Untracked 
|  28|0x0000000081c00000, 0x0000000081d00000, 0x0000000081d00000|100%| O|  |TAMS 0x0000000081d00000, 0x0000000081c00000| Untracked 
|  29|0x0000000081d00000, 0x0000000081e00000, 0x0000000081e00000|100%| O|  |TAMS 0x0000000081d64800, 0x0000000081d00000| Untracked 
|  30|0x0000000081e00000, 0x0000000081f00000, 0x0000000081f00000|100%| O|  |TAMS 0x0000000081f00000, 0x0000000081e00000| Untracked 
|  31|0x0000000081f00000, 0x0000000082000000, 0x0000000082000000|100%| O|  |TAMS 0x0000000082000000, 0x0000000081f00000| Untracked 
|  32|0x0000000082000000, 0x0000000082100000, 0x0000000082100000|100%|HS|  |TAMS 0x0000000082100000, 0x0000000082000000| Complete 
|  33|0x0000000082100000, 0x0000000082200000, 0x0000000082200000|100%|HS|  |TAMS 0x0000000082200000, 0x0000000082100000| Complete 
|  34|0x0000000082200000, 0x0000000082300000, 0x0000000082300000|100%|HS|  |TAMS 0x0000000082300000, 0x0000000082200000| Complete 
|  35|0x0000000082300000, 0x0000000082400000, 0x0000000082400000|100%|HC|  |TAMS 0x0000000082400000, 0x0000000082300000| Complete 
|  36|0x0000000082400000, 0x0000000082500000, 0x0000000082500000|100%|HS|  |TAMS 0x0000000082500000, 0x0000000082400000| Complete 
|  37|0x0000000082500000, 0x0000000082600000, 0x0000000082600000|100%|HC|  |TAMS 0x0000000082600000, 0x0000000082500000| Complete 
|  38|0x0000000082600000, 0x0000000082700000, 0x0000000082700000|100%|HS|  |TAMS 0x0000000082700000, 0x0000000082600000| Complete 
|  39|0x0000000082700000, 0x0000000082800000, 0x0000000082800000|100%|HS|  |TAMS 0x0000000082800000, 0x0000000082700000| Complete 
|  40|0x0000000082800000, 0x0000000082900000, 0x0000000082900000|100%|HC|  |TAMS 0x0000000082900000, 0x0000000082800000| Complete 
|  41|0x0000000082900000, 0x0000000082a00000, 0x0000000082a00000|100%|HC|  |TAMS 0x0000000082a00000, 0x0000000082900000| Complete 
|  42|0x0000000082a00000, 0x0000000082b00000, 0x0000000082b00000|100%|HC|  |TAMS 0x0000000082b00000, 0x0000000082a00000| Complete 
|  43|0x0000000082b00000, 0x0000000082c00000, 0x0000000082c00000|100%|HS|  |TAMS 0x0000000082c00000, 0x0000000082b00000| Complete 
|  44|0x0000000082c00000, 0x0000000082d00000, 0x0000000082d00000|100%|HS|  |TAMS 0x0000000082d00000, 0x0000000082c00000| Complete 
|  45|0x0000000082d00000, 0x0000000082e00000, 0x0000000082e00000|100%| O|  |TAMS 0x0000000082e00000, 0x0000000082d00000| Untracked 
|  46|0x0000000082e00000, 0x0000000082f00000, 0x0000000082f00000|100%| O|  |TAMS 0x0000000082f00000, 0x0000000082e00000| Untracked 
|  47|0x0000000082f00000, 0x0000000083000000, 0x0000000083000000|100%| O|  |TAMS 0x0000000083000000, 0x0000000082f00000| Untracked 
|  48|0x0000000083000000, 0x0000000083100000, 0x0000000083100000|100%| O|  |TAMS 0x0000000083100000, 0x0000000083000000| Untracked 
|  49|0x0000000083100000, 0x0000000083200000, 0x0000000083200000|100%| O|  |TAMS 0x0000000083200000, 0x0000000083100000| Untracked 
|  50|0x0000000083200000, 0x0000000083300000, 0x0000000083300000|100%| O|  |TAMS 0x0000000083300000, 0x0000000083200000| Untracked 
|  51|0x0000000083300000, 0x0000000083400000, 0x0000000083400000|100%| O|  |TAMS 0x0000000083400000, 0x0000000083300000| Untracked 
|  52|0x0000000083400000, 0x0000000083500000, 0x0000000083500000|100%| O|  |TAMS 0x0000000083500000, 0x0000000083400000| Untracked 
|  53|0x0000000083500000, 0x0000000083600000, 0x0000000083600000|100%| O|  |TAMS 0x0000000083500000, 0x0000000083500000| Untracked 
|  54|0x0000000083600000, 0x0000000083700000, 0x0000000083700000|100%| O|  |TAMS 0x0000000083700000, 0x0000000083600000| Untracked 
|  55|0x0000000083700000, 0x0000000083800000, 0x0000000083800000|100%|HS|  |TAMS 0x0000000083800000, 0x0000000083700000| Complete 
|  56|0x0000000083800000, 0x0000000083900000, 0x0000000083900000|100%|HC|  |TAMS 0x0000000083900000, 0x0000000083800000| Complete 
|  57|0x0000000083900000, 0x0000000083a00000, 0x0000000083a00000|100%| O|  |TAMS 0x0000000083a00000, 0x0000000083900000| Complete 
|  58|0x0000000083a00000, 0x0000000083b00000, 0x0000000083b00000|100%| O|  |TAMS 0x0000000083b00000, 0x0000000083a00000| Untracked 
|  59|0x0000000083b00000, 0x0000000083c00000, 0x0000000083c00000|100%| O|  |TAMS 0x0000000083c00000, 0x0000000083b00000| Untracked 
|  60|0x0000000083c00000, 0x0000000083d00000, 0x0000000083d00000|100%| O|  |TAMS 0x0000000083d00000, 0x0000000083c00000| Untracked 
|  61|0x0000000083d00000, 0x0000000083e00000, 0x0000000083e00000|100%| O|  |TAMS 0x0000000083e00000, 0x0000000083d00000| Untracked 
|  62|0x0000000083e00000, 0x0000000083f00000, 0x0000000083f00000|100%| O|  |TAMS 0x0000000083f00000, 0x0000000083e00000| Untracked 
|  63|0x0000000083f00000, 0x0000000083fc9000, 0x0000000084000000| 78%| O|  |TAMS 0x0000000083fc9000, 0x0000000083f00000| Untracked 
|  64|0x0000000084000000, 0x0000000084100000, 0x0000000084100000|100%| O|  |TAMS 0x0000000084100000, 0x0000000084000000| Untracked 
|  65|0x0000000084100000, 0x0000000084200000, 0x0000000084200000|100%| O|  |TAMS 0x0000000084200000, 0x0000000084100000| Untracked 
|  66|0x0000000084200000, 0x0000000084300000, 0x0000000084300000|100%|HS|  |TAMS 0x0000000084300000, 0x0000000084200000| Complete 
|  67|0x0000000084300000, 0x0000000084400000, 0x0000000084400000|100%|HC|  |TAMS 0x0000000084400000, 0x0000000084300000| Complete 
|  68|0x0000000084400000, 0x0000000084500000, 0x0000000084500000|100%|HC|  |TAMS 0x0000000084500000, 0x0000000084400000| Complete 
|  69|0x0000000084500000, 0x0000000084600000, 0x0000000084600000|100%|HC|  |TAMS 0x0000000084600000, 0x0000000084500000| Complete 
|  70|0x0000000084600000, 0x0000000084700000, 0x0000000084700000|100%| O|  |TAMS 0x0000000084700000, 0x0000000084600000| Complete 
|  71|0x0000000084700000, 0x0000000084800000, 0x0000000084800000|100%| O|  |TAMS 0x0000000084800000, 0x0000000084700000| Untracked 
|  72|0x0000000084800000, 0x0000000084900000, 0x0000000084900000|100%| O|  |TAMS 0x0000000084900000, 0x0000000084800000| Untracked 
|  73|0x0000000084900000, 0x0000000084a00000, 0x0000000084a00000|100%| O|  |TAMS 0x0000000084a00000, 0x0000000084900000| Untracked 
|  74|0x0000000084a00000, 0x0000000084b00000, 0x0000000084b00000|100%| O|  |TAMS 0x0000000084b00000, 0x0000000084a00000| Untracked 
|  75|0x0000000084b00000, 0x0000000084c00000, 0x0000000084c00000|100%| O|  |TAMS 0x0000000084c00000, 0x0000000084b00000| Untracked 
|  76|0x0000000084c00000, 0x0000000084d00000, 0x0000000084d00000|100%| O|  |TAMS 0x0000000084d00000, 0x0000000084c00000| Untracked 
|  77|0x0000000084d00000, 0x0000000084e00000, 0x0000000084e00000|100%| O|  |TAMS 0x0000000084e00000, 0x0000000084d00000| Untracked 
|  78|0x0000000084e00000, 0x0000000084f00000, 0x0000000084f00000|100%|HS|  |TAMS 0x0000000084f00000, 0x0000000084e00000| Complete 
|  79|0x0000000084f00000, 0x0000000085000000, 0x0000000085000000|100%|HC|  |TAMS 0x0000000085000000, 0x0000000084f00000| Complete 
|  80|0x0000000085000000, 0x0000000085100000, 0x0000000085100000|100%| O|  |TAMS 0x0000000085000000, 0x0000000085000000| Untracked 
|  81|0x0000000085100000, 0x0000000085200000, 0x0000000085200000|100%| O|  |TAMS 0x0000000085200000, 0x0000000085100000| Untracked 
|  82|0x0000000085200000, 0x0000000085300000, 0x0000000085300000|100%| O|  |TAMS 0x0000000085300000, 0x0000000085200000| Untracked 
|  83|0x0000000085300000, 0x0000000085400000, 0x0000000085400000|100%| O|  |TAMS 0x0000000085400000, 0x0000000085300000| Untracked 
|  84|0x0000000085400000, 0x0000000085500000, 0x0000000085500000|100%| O|  |TAMS 0x0000000085500000, 0x0000000085400000| Untracked 
|  85|0x0000000085500000, 0x0000000085600000, 0x0000000085600000|100%| O|  |TAMS 0x0000000085600000, 0x0000000085500000| Untracked 
|  86|0x0000000085600000, 0x0000000085700000, 0x0000000085700000|100%| O|  |TAMS 0x0000000085700000, 0x0000000085600000| Untracked 
|  87|0x0000000085700000, 0x0000000085800000, 0x0000000085800000|100%| O|  |TAMS 0x0000000085800000, 0x0000000085700000| Untracked 
|  88|0x0000000085800000, 0x0000000085900000, 0x0000000085900000|100%| O|  |TAMS 0x0000000085900000, 0x0000000085800000| Untracked 
|  89|0x0000000085900000, 0x0000000085a00000, 0x0000000085a00000|100%| O|  |TAMS 0x0000000085a00000, 0x0000000085900000| Untracked 
|  90|0x0000000085a00000, 0x0000000085b00000, 0x0000000085b00000|100%| O|  |TAMS 0x0000000085b00000, 0x0000000085a00000| Untracked 
|  91|0x0000000085b00000, 0x0000000085c00000, 0x0000000085c00000|100%| O|  |TAMS 0x0000000085c00000, 0x0000000085b00000| Untracked 
|  92|0x0000000085c00000, 0x0000000085d00000, 0x0000000085d00000|100%| O|  |TAMS 0x0000000085d00000, 0x0000000085c00000| Untracked 
|  93|0x0000000085d00000, 0x0000000085e00000, 0x0000000085e00000|100%| O|  |TAMS 0x0000000085e00000, 0x0000000085d00000| Untracked 
|  94|0x0000000085e00000, 0x0000000085f00000, 0x0000000085f00000|100%| O|  |TAMS 0x0000000085f00000, 0x0000000085e00000| Untracked 
|  95|0x0000000085f00000, 0x0000000086000000, 0x0000000086000000|100%| O|  |TAMS 0x0000000086000000, 0x0000000085f00000| Untracked 
|  96|0x0000000086000000, 0x0000000086100000, 0x0000000086100000|100%| O|  |TAMS 0x0000000086100000, 0x0000000086000000| Untracked 
|  97|0x0000000086100000, 0x0000000086200000, 0x0000000086200000|100%|HS|  |TAMS 0x0000000086200000, 0x0000000086100000| Complete 
|  98|0x0000000086200000, 0x0000000086300000, 0x0000000086300000|100%|HC|  |TAMS 0x0000000086300000, 0x0000000086200000| Complete 
|  99|0x0000000086300000, 0x0000000086400000, 0x0000000086400000|100%| O|  |TAMS 0x0000000086400000, 0x0000000086300000| Untracked 
| 100|0x0000000086400000, 0x0000000086500000, 0x0000000086500000|100%| O|  |TAMS 0x0000000086500000, 0x0000000086400000| Untracked 
| 101|0x0000000086500000, 0x0000000086600000, 0x0000000086600000|100%| O|  |TAMS 0x0000000086600000, 0x0000000086500000| Untracked 
| 102|0x0000000086600000, 0x0000000086700000, 0x0000000086700000|100%| O|  |TAMS 0x0000000086600000, 0x0000000086600000| Untracked 
| 103|0x0000000086700000, 0x0000000086800000, 0x0000000086800000|100%| O|  |TAMS 0x0000000086800000, 0x0000000086700000| Complete 
| 104|0x0000000086800000, 0x0000000086900000, 0x0000000086900000|100%| O|  |TAMS 0x0000000086900000, 0x0000000086800000| Untracked 
| 105|0x0000000086900000, 0x0000000086a00000, 0x0000000086a00000|100%| O|  |TAMS 0x0000000086900000, 0x0000000086900000| Untracked 
| 106|0x0000000086a00000, 0x0000000086b00000, 0x0000000086b00000|100%| O|  |TAMS 0x0000000086b00000, 0x0000000086a00000| Untracked 
| 107|0x0000000086b00000, 0x0000000086c00000, 0x0000000086c00000|100%| O|  |TAMS 0x0000000086c00000, 0x0000000086b00000| Untracked 
| 108|0x0000000086c00000, 0x0000000086d00000, 0x0000000086d00000|100%| O|  |TAMS 0x0000000086d00000, 0x0000000086c00000| Untracked 
| 109|0x0000000086d00000, 0x0000000086e00000, 0x0000000086e00000|100%| O|  |TAMS 0x0000000086e00000, 0x0000000086d00000| Untracked 
| 110|0x0000000086e00000, 0x0000000086f00000, 0x0000000086f00000|100%| O|  |TAMS 0x0000000086f00000, 0x0000000086e00000| Untracked 
| 111|0x0000000086f00000, 0x0000000087000000, 0x0000000087000000|100%| O|  |TAMS 0x0000000086f00000, 0x0000000086f00000| Untracked 
| 112|0x0000000087000000, 0x0000000087100000, 0x0000000087100000|100%| O|  |TAMS 0x0000000087100000, 0x0000000087000000| Untracked 
| 113|0x0000000087100000, 0x0000000087200000, 0x0000000087200000|100%| O|  |TAMS 0x0000000087200000, 0x0000000087100000| Untracked 
| 114|0x0000000087200000, 0x0000000087300000, 0x0000000087300000|100%| O|  |TAMS 0x0000000087300000, 0x0000000087200000| Complete 
| 115|0x0000000087300000, 0x0000000087400000, 0x0000000087400000|100%| O|  |TAMS 0x0000000087400000, 0x0000000087300000| Untracked 
| 116|0x0000000087400000, 0x0000000087500000, 0x0000000087500000|100%| O|  |TAMS 0x0000000087500000, 0x0000000087400000| Complete 
| 117|0x0000000087500000, 0x0000000087600000, 0x0000000087600000|100%| O|  |TAMS 0x0000000087600000, 0x0000000087500000| Untracked 
| 118|0x0000000087600000, 0x0000000087700000, 0x0000000087700000|100%| O|  |TAMS 0x0000000087700000, 0x0000000087600000| Untracked 
| 119|0x0000000087700000, 0x0000000087800000, 0x0000000087800000|100%| O|  |TAMS 0x0000000087800000, 0x0000000087700000| Untracked 
| 120|0x0000000087800000, 0x0000000087900000, 0x0000000087900000|100%| O|  |TAMS 0x0000000087900000, 0x0000000087800000| Untracked 
| 121|0x0000000087900000, 0x0000000087a00000, 0x0000000087a00000|100%| O|  |TAMS 0x0000000087a00000, 0x0000000087900000| Untracked 
| 122|0x0000000087a00000, 0x0000000087b00000, 0x0000000087b00000|100%| O|  |TAMS 0x0000000087b00000, 0x0000000087a00000| Untracked 
| 123|0x0000000087b00000, 0x0000000087c00000, 0x0000000087c00000|100%| O|  |TAMS 0x0000000087c00000, 0x0000000087b00000| Untracked 
| 124|0x0000000087c00000, 0x0000000087d00000, 0x0000000087d00000|100%| O|  |TAMS 0x0000000087d00000, 0x0000000087c00000| Untracked 
| 125|0x0000000087d00000, 0x0000000087e00000, 0x0000000087e00000|100%| O|  |TAMS 0x0000000087e00000, 0x0000000087d00000| Untracked 
| 126|0x0000000087e00000, 0x0000000087f00000, 0x0000000087f00000|100%| O|  |TAMS 0x0000000087f00000, 0x0000000087e00000| Untracked 
| 127|0x0000000087f00000, 0x0000000088000000, 0x0000000088000000|100%| O|  |TAMS 0x0000000088000000, 0x0000000087f00000| Untracked 
| 128|0x0000000088000000, 0x0000000088100000, 0x0000000088100000|100%| O|  |TAMS 0x0000000088100000, 0x0000000088000000| Untracked 
| 129|0x0000000088100000, 0x0000000088200000, 0x0000000088200000|100%| O|  |TAMS 0x0000000088200000, 0x0000000088100000| Untracked 
| 130|0x0000000088200000, 0x0000000088300000, 0x0000000088300000|100%| O|  |TAMS 0x0000000088300000, 0x0000000088200000| Untracked 
| 131|0x0000000088300000, 0x0000000088400000, 0x0000000088400000|100%| O|  |TAMS 0x0000000088400000, 0x0000000088300000| Untracked 
| 132|0x0000000088400000, 0x0000000088500000, 0x0000000088500000|100%| O|  |TAMS 0x0000000088500000, 0x0000000088400000| Untracked 
| 133|0x0000000088500000, 0x0000000088600000, 0x0000000088600000|100%| O|  |TAMS 0x0000000088600000, 0x0000000088500000| Untracked 
| 134|0x0000000088600000, 0x0000000088700000, 0x0000000088700000|100%|HS|  |TAMS 0x0000000088700000, 0x0000000088600000| Complete 
| 135|0x0000000088700000, 0x0000000088800000, 0x0000000088800000|100%|HC|  |TAMS 0x0000000088800000, 0x0000000088700000| Complete 
| 136|0x0000000088800000, 0x0000000088900000, 0x0000000088900000|100%| O|  |TAMS 0x0000000088800000, 0x0000000088800000| Untracked 
| 137|0x0000000088900000, 0x0000000088a00000, 0x0000000088a00000|100%| O|  |TAMS 0x0000000088a00000, 0x0000000088900000| Untracked 
| 138|0x0000000088a00000, 0x0000000088b00000, 0x0000000088b00000|100%| O|  |TAMS 0x0000000088b00000, 0x0000000088a00000| Untracked 
| 139|0x0000000088b00000, 0x0000000088c00000, 0x0000000088c00000|100%| O|  |TAMS 0x0000000088c00000, 0x0000000088b00000| Untracked 
| 140|0x0000000088c00000, 0x0000000088d00000, 0x0000000088d00000|100%|HS|  |TAMS 0x0000000088d00000, 0x0000000088c00000| Complete 
| 141|0x0000000088d00000, 0x0000000088e00000, 0x0000000088e00000|100%|HC|  |TAMS 0x0000000088e00000, 0x0000000088d00000| Complete 
| 142|0x0000000088e00000, 0x0000000088f00000, 0x0000000088f00000|100%|HS|  |TAMS 0x0000000088f00000, 0x0000000088e00000| Complete 
| 143|0x0000000088f00000, 0x0000000089000000, 0x0000000089000000|100%|HC|  |TAMS 0x0000000089000000, 0x0000000088f00000| Complete 
| 144|0x0000000089000000, 0x0000000089100000, 0x0000000089100000|100%| O|  |TAMS 0x0000000089100000, 0x0000000089000000| Untracked 
| 145|0x0000000089100000, 0x0000000089200000, 0x0000000089200000|100%|HS|  |TAMS 0x0000000089200000, 0x0000000089100000| Complete 
| 146|0x0000000089200000, 0x0000000089300000, 0x0000000089300000|100%|HC|  |TAMS 0x0000000089300000, 0x0000000089200000| Complete 
| 147|0x0000000089300000, 0x0000000089400000, 0x0000000089400000|100%|HS|  |TAMS 0x0000000089400000, 0x0000000089300000| Complete 
| 148|0x0000000089400000, 0x0000000089500000, 0x0000000089500000|100%|HC|  |TAMS 0x0000000089500000, 0x0000000089400000| Complete 
| 149|0x0000000089500000, 0x0000000089600000, 0x0000000089600000|100%| O|  |TAMS 0x0000000089500000, 0x0000000089500000| Untracked 
| 150|0x0000000089600000, 0x0000000089700000, 0x0000000089700000|100%| O|  |TAMS 0x0000000089600000, 0x0000000089600000| Untracked 
| 151|0x0000000089700000, 0x0000000089800000, 0x0000000089800000|100%|HS|  |TAMS 0x0000000089700000, 0x0000000089700000| Complete 
| 152|0x0000000089800000, 0x0000000089900000, 0x0000000089900000|100%|HC|  |TAMS 0x0000000089800000, 0x0000000089800000| Complete 
| 153|0x0000000089900000, 0x0000000089900000, 0x0000000089a00000|  0%| F|  |TAMS 0x0000000089900000, 0x0000000089900000| Untracked 
| 154|0x0000000089a00000, 0x0000000089a00000, 0x0000000089b00000|  0%| F|  |TAMS 0x0000000089a00000, 0x0000000089a00000| Untracked 
| 155|0x0000000089b00000, 0x0000000089b00000, 0x0000000089c00000|  0%| F|  |TAMS 0x0000000089b00000, 0x0000000089b00000| Untracked 
| 156|0x0000000089c00000, 0x0000000089c59400, 0x0000000089d00000| 34%| O|  |TAMS 0x0000000089c00000, 0x0000000089c00000| Untracked 
| 157|0x0000000089d00000, 0x0000000089d00000, 0x0000000089e00000|  0%| F|  |TAMS 0x0000000089d00000, 0x0000000089d00000| Untracked 
| 158|0x0000000089e00000, 0x0000000089e00000, 0x0000000089f00000|  0%| F|  |TAMS 0x0000000089e00000, 0x0000000089e00000| Untracked 
| 159|0x0000000089f00000, 0x0000000089f00000, 0x000000008a000000|  0%| F|  |TAMS 0x0000000089f00000, 0x0000000089f00000| Untracked 
| 160|0x000000008a000000, 0x000000008a000000, 0x000000008a100000|  0%| F|  |TAMS 0x000000008a000000, 0x000000008a000000| Untracked 
| 161|0x000000008a100000, 0x000000008a100000, 0x000000008a200000|  0%| F|  |TAMS 0x000000008a100000, 0x000000008a100000| Untracked 
| 162|0x000000008a200000, 0x000000008a200000, 0x000000008a300000|  0%| F|  |TAMS 0x000000008a200000, 0x000000008a200000| Untracked 
| 163|0x000000008a300000, 0x000000008a300000, 0x000000008a400000|  0%| F|  |TAMS 0x000000008a300000, 0x000000008a300000| Untracked 
| 164|0x000000008a400000, 0x000000008a400000, 0x000000008a500000|  0%| F|  |TAMS 0x000000008a400000, 0x000000008a400000| Untracked 
| 165|0x000000008a500000, 0x000000008a500000, 0x000000008a600000|  0%| F|  |TAMS 0x000000008a500000, 0x000000008a500000| Untracked 
| 166|0x000000008a600000, 0x000000008a600000, 0x000000008a700000|  0%| F|  |TAMS 0x000000008a600000, 0x000000008a600000| Untracked 
| 167|0x000000008a700000, 0x000000008a700000, 0x000000008a800000|  0%| F|  |TAMS 0x000000008a700000, 0x000000008a700000| Untracked 
| 168|0x000000008a800000, 0x000000008a800000, 0x000000008a900000|  0%| F|  |TAMS 0x000000008a800000, 0x000000008a800000| Untracked 
| 169|0x000000008a900000, 0x000000008a900000, 0x000000008aa00000|  0%| F|  |TAMS 0x000000008a900000, 0x000000008a900000| Untracked 
| 170|0x000000008aa00000, 0x000000008aa00000, 0x000000008ab00000|  0%| F|  |TAMS 0x000000008aa00000, 0x000000008aa00000| Untracked 
| 171|0x000000008ab00000, 0x000000008ab00000, 0x000000008ac00000|  0%| F|  |TAMS 0x000000008ab00000, 0x000000008ab00000| Untracked 
| 172|0x000000008ac00000, 0x000000008ac00000, 0x000000008ad00000|  0%| F|  |TAMS 0x000000008ac00000, 0x000000008ac00000| Untracked 
| 173|0x000000008ad00000, 0x000000008ad00000, 0x000000008ae00000|  0%| F|  |TAMS 0x000000008ad00000, 0x000000008ad00000| Untracked 
| 174|0x000000008ae00000, 0x000000008ae00000, 0x000000008af00000|  0%| F|  |TAMS 0x000000008ae00000, 0x000000008ae00000| Untracked 
| 175|0x000000008af00000, 0x000000008af00000, 0x000000008b000000|  0%| F|  |TAMS 0x000000008af00000, 0x000000008af00000| Untracked 
| 176|0x000000008b000000, 0x000000008b000000, 0x000000008b100000|  0%| F|  |TAMS 0x000000008b000000, 0x000000008b000000| Untracked 
| 177|0x000000008b100000, 0x000000008b100000, 0x000000008b200000|  0%| F|  |TAMS 0x000000008b100000, 0x000000008b100000| Untracked 
| 178|0x000000008b200000, 0x000000008b200000, 0x000000008b300000|  0%| F|  |TAMS 0x000000008b200000, 0x000000008b200000| Untracked 
| 179|0x000000008b300000, 0x000000008b300000, 0x000000008b400000|  0%| F|  |TAMS 0x000000008b300000, 0x000000008b300000| Untracked 
| 180|0x000000008b400000, 0x000000008b400000, 0x000000008b500000|  0%| F|  |TAMS 0x000000008b400000, 0x000000008b400000| Untracked 
| 181|0x000000008b500000, 0x000000008b500000, 0x000000008b600000|  0%| F|  |TAMS 0x000000008b500000, 0x000000008b500000| Untracked 
| 182|0x000000008b600000, 0x000000008b600000, 0x000000008b700000|  0%| F|  |TAMS 0x000000008b600000, 0x000000008b600000| Untracked 
| 183|0x000000008b700000, 0x000000008b700000, 0x000000008b800000|  0%| F|  |TAMS 0x000000008b700000, 0x000000008b700000| Untracked 
| 184|0x000000008b800000, 0x000000008b800000, 0x000000008b900000|  0%| F|  |TAMS 0x000000008b800000, 0x000000008b800000| Untracked 
| 185|0x000000008b900000, 0x000000008b900000, 0x000000008ba00000|  0%| F|  |TAMS 0x000000008b900000, 0x000000008b900000| Untracked 
| 186|0x000000008ba00000, 0x000000008ba00000, 0x000000008bb00000|  0%| F|  |TAMS 0x000000008ba00000, 0x000000008ba00000| Untracked 
| 187|0x000000008bb00000, 0x000000008bb00000, 0x000000008bc00000|  0%| F|  |TAMS 0x000000008bb00000, 0x000000008bb00000| Untracked 
| 188|0x000000008bc00000, 0x000000008bc00000, 0x000000008bd00000|  0%| F|  |TAMS 0x000000008bc00000, 0x000000008bc00000| Untracked 
| 189|0x000000008bd00000, 0x000000008bdf4410, 0x000000008be00000| 95%| S|CS|TAMS 0x000000008bd00000, 0x000000008bd00000| Complete 
| 190|0x000000008be00000, 0x000000008bf00000, 0x000000008bf00000|100%| S|CS|TAMS 0x000000008be00000, 0x000000008be00000| Complete 
| 191|0x000000008bf00000, 0x000000008bf00000, 0x000000008c000000|  0%| F|  |TAMS 0x000000008bf00000, 0x000000008bf00000| Untracked 
| 192|0x000000008c000000, 0x000000008c000000, 0x000000008c100000|  0%| F|  |TAMS 0x000000008c000000, 0x000000008c000000| Untracked 
| 193|0x000000008c100000, 0x000000008c100000, 0x000000008c200000|  0%| F|  |TAMS 0x000000008c100000, 0x000000008c100000| Untracked 
| 194|0x000000008c200000, 0x000000008c200000, 0x000000008c300000|  0%| F|  |TAMS 0x000000008c200000, 0x000000008c200000| Untracked 
| 195|0x000000008c300000, 0x000000008c300000, 0x000000008c400000|  0%| F|  |TAMS 0x000000008c300000, 0x000000008c300000| Untracked 
| 196|0x000000008c400000, 0x000000008c400000, 0x000000008c500000|  0%| F|  |TAMS 0x000000008c400000, 0x000000008c400000| Untracked 
| 197|0x000000008c500000, 0x000000008c500000, 0x000000008c600000|  0%| F|  |TAMS 0x000000008c500000, 0x000000008c500000| Untracked 
| 198|0x000000008c600000, 0x000000008c600000, 0x000000008c700000|  0%| F|  |TAMS 0x000000008c600000, 0x000000008c600000| Untracked 
| 199|0x000000008c700000, 0x000000008c700000, 0x000000008c800000|  0%| F|  |TAMS 0x000000008c700000, 0x000000008c700000| Untracked 
| 200|0x000000008c800000, 0x000000008c800000, 0x000000008c900000|  0%| F|  |TAMS 0x000000008c800000, 0x000000008c800000| Untracked 
| 201|0x000000008c900000, 0x000000008c900000, 0x000000008ca00000|  0%| F|  |TAMS 0x000000008c900000, 0x000000008c900000| Untracked 
| 202|0x000000008ca00000, 0x000000008ca00000, 0x000000008cb00000|  0%| F|  |TAMS 0x000000008ca00000, 0x000000008ca00000| Untracked 
| 203|0x000000008cb00000, 0x000000008cb00000, 0x000000008cc00000|  0%| F|  |TAMS 0x000000008cb00000, 0x000000008cb00000| Untracked 
| 204|0x000000008cc00000, 0x000000008cc00000, 0x000000008cd00000|  0%| F|  |TAMS 0x000000008cc00000, 0x000000008cc00000| Untracked 
| 205|0x000000008cd00000, 0x000000008cd00000, 0x000000008ce00000|  0%| F|  |TAMS 0x000000008cd00000, 0x000000008cd00000| Untracked 
| 206|0x000000008ce00000, 0x000000008ce00000, 0x000000008cf00000|  0%| F|  |TAMS 0x000000008ce00000, 0x000000008ce00000| Untracked 
| 207|0x000000008cf00000, 0x000000008cf00000, 0x000000008d000000|  0%| F|  |TAMS 0x000000008cf00000, 0x000000008cf00000| Untracked 
| 208|0x000000008d000000, 0x000000008d000000, 0x000000008d100000|  0%| F|  |TAMS 0x000000008d000000, 0x000000008d000000| Untracked 
| 209|0x000000008d100000, 0x000000008d100000, 0x000000008d200000|  0%| F|  |TAMS 0x000000008d100000, 0x000000008d100000| Untracked 
| 210|0x000000008d200000, 0x000000008d200000, 0x000000008d300000|  0%| F|  |TAMS 0x000000008d200000, 0x000000008d200000| Untracked 
| 211|0x000000008d300000, 0x000000008d300000, 0x000000008d400000|  0%| F|  |TAMS 0x000000008d300000, 0x000000008d300000| Untracked 
| 212|0x000000008d400000, 0x000000008d400000, 0x000000008d500000|  0%| F|  |TAMS 0x000000008d400000, 0x000000008d400000| Untracked 
| 213|0x000000008d500000, 0x000000008d500000, 0x000000008d600000|  0%| F|  |TAMS 0x000000008d500000, 0x000000008d500000| Untracked 
| 214|0x000000008d600000, 0x000000008d600000, 0x000000008d700000|  0%| F|  |TAMS 0x000000008d600000, 0x000000008d600000| Untracked 
| 215|0x000000008d700000, 0x000000008d700000, 0x000000008d800000|  0%| F|  |TAMS 0x000000008d700000, 0x000000008d700000| Untracked 
| 216|0x000000008d800000, 0x000000008d800000, 0x000000008d900000|  0%| F|  |TAMS 0x000000008d800000, 0x000000008d800000| Untracked 
| 217|0x000000008d900000, 0x000000008d900000, 0x000000008da00000|  0%| F|  |TAMS 0x000000008d900000, 0x000000008d900000| Untracked 
| 218|0x000000008da00000, 0x000000008da00000, 0x000000008db00000|  0%| F|  |TAMS 0x000000008da00000, 0x000000008da00000| Untracked 
| 219|0x000000008db00000, 0x000000008db00000, 0x000000008dc00000|  0%| F|  |TAMS 0x000000008db00000, 0x000000008db00000| Untracked 
| 220|0x000000008dc00000, 0x000000008dc00000, 0x000000008dd00000|  0%| F|  |TAMS 0x000000008dc00000, 0x000000008dc00000| Untracked 
| 221|0x000000008dd00000, 0x000000008dd00000, 0x000000008de00000|  0%| F|  |TAMS 0x000000008dd00000, 0x000000008dd00000| Untracked 
| 222|0x000000008de00000, 0x000000008de00000, 0x000000008df00000|  0%| F|  |TAMS 0x000000008de00000, 0x000000008de00000| Untracked 
| 223|0x000000008df00000, 0x000000008df00000, 0x000000008e000000|  0%| F|  |TAMS 0x000000008df00000, 0x000000008df00000| Untracked 
| 224|0x000000008e000000, 0x000000008e000000, 0x000000008e100000|  0%| F|  |TAMS 0x000000008e000000, 0x000000008e000000| Untracked 
| 225|0x000000008e100000, 0x000000008e100000, 0x000000008e200000|  0%| F|  |TAMS 0x000000008e100000, 0x000000008e100000| Untracked 
| 226|0x000000008e200000, 0x000000008e200000, 0x000000008e300000|  0%| F|  |TAMS 0x000000008e200000, 0x000000008e200000| Untracked 
| 227|0x000000008e300000, 0x000000008e300000, 0x000000008e400000|  0%| F|  |TAMS 0x000000008e300000, 0x000000008e300000| Untracked 
| 228|0x000000008e400000, 0x000000008e400000, 0x000000008e500000|  0%| F|  |TAMS 0x000000008e400000, 0x000000008e400000| Untracked 
| 229|0x000000008e500000, 0x000000008e500000, 0x000000008e600000|  0%| F|  |TAMS 0x000000008e500000, 0x000000008e500000| Untracked 
| 230|0x000000008e600000, 0x000000008e600000, 0x000000008e700000|  0%| F|  |TAMS 0x000000008e600000, 0x000000008e600000| Untracked 
| 231|0x000000008e700000, 0x000000008e700000, 0x000000008e800000|  0%| F|  |TAMS 0x000000008e700000, 0x000000008e700000| Untracked 
| 232|0x000000008e800000, 0x000000008e800000, 0x000000008e900000|  0%| F|  |TAMS 0x000000008e800000, 0x000000008e800000| Untracked 
| 233|0x000000008e900000, 0x000000008e900000, 0x000000008ea00000|  0%| F|  |TAMS 0x000000008e900000, 0x000000008e900000| Untracked 
| 234|0x000000008ea00000, 0x000000008ea00000, 0x000000008eb00000|  0%| F|  |TAMS 0x000000008ea00000, 0x000000008ea00000| Untracked 
| 235|0x000000008eb00000, 0x000000008eb00000, 0x000000008ec00000|  0%| F|  |TAMS 0x000000008eb00000, 0x000000008eb00000| Untracked 
| 236|0x000000008ec00000, 0x000000008ec00000, 0x000000008ed00000|  0%| F|  |TAMS 0x000000008ec00000, 0x000000008ec00000| Untracked 
| 237|0x000000008ed00000, 0x000000008ed00000, 0x000000008ee00000|  0%| F|  |TAMS 0x000000008ed00000, 0x000000008ed00000| Untracked 
| 238|0x000000008ee00000, 0x000000008ee00000, 0x000000008ef00000|  0%| F|  |TAMS 0x000000008ee00000, 0x000000008ee00000| Untracked 
| 239|0x000000008ef00000, 0x000000008ef00000, 0x000000008f000000|  0%| F|  |TAMS 0x000000008ef00000, 0x000000008ef00000| Untracked 
| 240|0x000000008f000000, 0x000000008f000000, 0x000000008f100000|  0%| F|  |TAMS 0x000000008f000000, 0x000000008f000000| Untracked 
| 241|0x000000008f100000, 0x000000008f100000, 0x000000008f200000|  0%| F|  |TAMS 0x000000008f100000, 0x000000008f100000| Untracked 
| 242|0x000000008f200000, 0x000000008f200000, 0x000000008f300000|  0%| F|  |TAMS 0x000000008f200000, 0x000000008f200000| Untracked 
| 243|0x000000008f300000, 0x000000008f300000, 0x000000008f400000|  0%| F|  |TAMS 0x000000008f300000, 0x000000008f300000| Untracked 
| 244|0x000000008f400000, 0x000000008f49c1a0, 0x000000008f500000| 60%| E|  |TAMS 0x000000008f400000, 0x000000008f400000| Complete 
| 245|0x000000008f500000, 0x000000008f600000, 0x000000008f600000|100%| E|CS|TAMS 0x000000008f500000, 0x000000008f500000| Complete 
| 246|0x000000008f600000, 0x000000008f700000, 0x000000008f700000|100%| E|CS|TAMS 0x000000008f600000, 0x000000008f600000| Complete 
| 247|0x000000008f700000, 0x000000008f800000, 0x000000008f800000|100%| E|CS|TAMS 0x000000008f700000, 0x000000008f700000| Complete 
| 248|0x000000008f800000, 0x000000008f900000, 0x000000008f900000|100%| E|CS|TAMS 0x000000008f800000, 0x000000008f800000| Complete 
| 249|0x000000008f900000, 0x000000008fa00000, 0x000000008fa00000|100%| E|CS|TAMS 0x000000008f900000, 0x000000008f900000| Complete 
| 250|0x000000008fa00000, 0x000000008fb00000, 0x000000008fb00000|100%| E|CS|TAMS 0x000000008fa00000, 0x000000008fa00000| Complete 
| 251|0x000000008fb00000, 0x000000008fc00000, 0x000000008fc00000|100%| E|CS|TAMS 0x000000008fb00000, 0x000000008fb00000| Complete 
| 252|0x000000008fc00000, 0x000000008fd00000, 0x000000008fd00000|100%| E|CS|TAMS 0x000000008fc00000, 0x000000008fc00000| Complete 
| 253|0x000000008fd00000, 0x000000008fe00000, 0x000000008fe00000|100%| E|CS|TAMS 0x000000008fd00000, 0x000000008fd00000| Complete 
| 254|0x000000008fe00000, 0x000000008ff00000, 0x000000008ff00000|100%| E|CS|TAMS 0x000000008fe00000, 0x000000008fe00000| Complete 
| 255|0x000000008ff00000, 0x0000000090000000, 0x0000000090000000|100%| E|CS|TAMS 0x000000008ff00000, 0x000000008ff00000| Complete 
| 256|0x0000000090000000, 0x0000000090100000, 0x0000000090100000|100%| E|CS|TAMS 0x0000000090000000, 0x0000000090000000| Complete 
| 257|0x0000000090100000, 0x0000000090200000, 0x0000000090200000|100%| E|CS|TAMS 0x0000000090100000, 0x0000000090100000| Complete 
| 258|0x0000000090200000, 0x0000000090300000, 0x0000000090300000|100%| E|CS|TAMS 0x0000000090200000, 0x0000000090200000| Complete 
| 259|0x0000000090300000, 0x0000000090400000, 0x0000000090400000|100%| E|CS|TAMS 0x0000000090300000, 0x0000000090300000| Complete 
| 260|0x0000000090400000, 0x0000000090500000, 0x0000000090500000|100%| E|CS|TAMS 0x0000000090400000, 0x0000000090400000| Complete 
| 261|0x0000000090500000, 0x0000000090600000, 0x0000000090600000|100%| E|CS|TAMS 0x0000000090500000, 0x0000000090500000| Complete 

Card table byte_map: [0x00000210fb180000,0x00000210fb580000] _byte_map_base: 0x00000210fad80000

Marking Bits (Prev, Next): (CMBitMap*) 0x00000210f6e6d830, (CMBitMap*) 0x00000210f6e6d7f0
 Prev Bits: [0x00000210fd980000, 0x00000210ff980000)
 Next Bits: [0x00000210fb980000, 0x00000210fd980000)

Polling page: 0x00000210f4d40000

Metaspace:

Usage:
  Non-class:    107.67 MB used.
      Class:     17.34 MB used.
       Both:    125.01 MB used.

Virtual space:
  Non-class space:      128.00 MB reserved,     108.19 MB ( 85%) committed,  2 nodes.
      Class space:        1.00 GB reserved,      17.81 MB (  2%) committed,  1 nodes.
             Both:        1.12 GB reserved,     126.00 MB ( 11%) committed. 

Chunk freelists:
   Non-Class:  2.88 MB
       Class:  14.08 MB
        Both:  16.96 MB

MaxMetaspaceSize: unlimited
CompressedClassSpaceSize: 1.00 GB
Initial GC threshold: 21.00 MB
Current GC threshold: 209.94 MB
CDS: off
MetaspaceReclaimPolicy: balanced
 - commit_granule_bytes: 65536.
 - commit_granule_words: 8192.
 - virtual_space_node_default_size: 8388608.
 - enlarge_chunks_in_place: 1.
 - new_chunks_are_fully_committed: 0.
 - uncommit_free_chunks: 1.
 - use_allocation_guard: 0.
 - handle_deallocations: 1.


Internal statistics:

num_allocs_failed_limit: 9.
num_arena_births: 1746.
num_arena_deaths: 76.
num_vsnodes_births: 3.
num_vsnodes_deaths: 0.
num_space_committed: 2015.
num_space_uncommitted: 0.
num_chunks_returned_to_freelist: 123.
num_chunks_taken_from_freelist: 6854.
num_chunk_merges: 58.
num_chunk_splits: 4412.
num_chunks_enlarged: 2840.
num_inconsistent_stats: 0.

CodeHeap 'non-profiled nmethods': size=119168Kb used=10450Kb max_used=10450Kb free=108717Kb
 bounds [0x0000021087ba0000, 0x00000210885e0000, 0x000002108f000000]
CodeHeap 'profiled nmethods': size=119104Kb used=33956Kb max_used=33956Kb free=85147Kb
 bounds [0x0000021080000000, 0x0000021082130000, 0x0000021087450000]
CodeHeap 'non-nmethods': size=7488Kb used=2462Kb max_used=4237Kb free=5025Kb
 bounds [0x0000021087450000, 0x0000021087890000, 0x0000021087ba0000]
 total_blobs=17883 nmethods=16876 adapters=916
 compilation: enabled
              stopped_count=0, restarted_count=0
 full_count=0

Compilation events (20 events):
Event: 459.916 Thread 0x00000210960d1890 19916   !   3       java.io.RandomAccessFile::getChannel (84 bytes)
Event: 459.917 Thread 0x00000210960d1890 nmethod 19916 0x000002108211b790 code [0x000002108211b980, 0x000002108211be28]
Event: 459.918 Thread 0x00000210960d1890 19917       3       java.util.concurrent.CopyOnWriteArraySet::add (9 bytes)
Event: 459.918 Thread 0x00000210960d1890 nmethod 19917 0x000002108211c090 code [0x000002108211c240, 0x000002108211c3a8]
Event: 459.918 Thread 0x00000210960d1890 19918       3       java.util.concurrent.CopyOnWriteArrayList::addIfAbsent (31 bytes)
Event: 459.919 Thread 0x00000210960d1890 nmethod 19918 0x000002108211c490 code [0x000002108211c640, 0x000002108211c878]
Event: 459.919 Thread 0x00000210960d1890 19919   !   3       java.util.concurrent.CopyOnWriteArrayList::addIfAbsent (128 bytes)
Event: 459.919 Thread 0x00000210960d1890 nmethod 19919 0x000002108211c990 code [0x000002108211cbc0, 0x000002108211d6a8]
Event: 459.919 Thread 0x00000210960d1890 19920       3       java.net.InetSocketAddress::getPort (8 bytes)
Event: 459.920 Thread 0x00000210960d1890 nmethod 19920 0x000002108211dc10 code [0x000002108211dda0, 0x000002108211ded8]
Event: 459.922 Thread 0x00000210960d1890 19921       3       org.gradle.internal.event.DefaultListenerManager$EventBroadcast::buildAllWithLogger (57 bytes)
Event: 459.922 Thread 0x00000210960d1890 nmethod 19921 0x000002108211df90 code [0x000002108211e1e0, 0x000002108211ee68]
Event: 459.923 Thread 0x00000210960d1890 19922       3       org.gradle.internal.instantiation.generator.DefaultInstantiatorFactory::inject (8 bytes)
Event: 459.923 Thread 0x00000210960d1890 nmethod 19922 0x000002108211f290 code [0x000002108211f420, 0x000002108211f558]
Event: 459.924 Thread 0x00000210960d1890 19923       3       java.lang.invoke.BoundMethodHandle::makeReinvoker (27 bytes)
Event: 459.925 Thread 0x00000210960d1890 nmethod 19923 0x000002108211f610 code [0x000002108211f7c0, 0x000002108211fa88]
Event: 459.925 Thread 0x00000210960d1890 19924       3       java.lang.invoke.LambdaFormEditor::filterArgumentForm (121 bytes)
Event: 459.925 Thread 0x00000210960d1890 nmethod 19924 0x000002108211fb90 code [0x000002108211fda0, 0x0000021082120178]
Event: 459.926 Thread 0x00000210960d1890 19925       1       org.gradle.internal.service.DefaultServiceRegistry$ThisAsService::get (5 bytes)
Event: 459.926 Thread 0x00000210960d1890 nmethod 19925 0x00000210885d2e90 code [0x00000210885d3020, 0x00000210885d30f8]

GC Heap History (20 events):
Event: 8.555 GC heap before
{Heap before GC invocations=32 (full 0):
 garbage-first heap   total 229376K, used 162643K [0x0000000080000000, 0x0000000100000000)
  region size 1024K, 28 young (28672K), 8 survivors (8192K)
 Metaspace       used 104097K, committed 104896K, reserved 1179648K
  class space    used 14343K, committed 14720K, reserved 1048576K
}
Event: 8.559 GC heap after
{Heap after GC invocations=33 (full 0):
 garbage-first heap   total 229376K, used 124331K [0x0000000080000000, 0x0000000100000000)
  region size 1024K, 2 young (2048K), 2 survivors (2048K)
 Metaspace       used 104097K, committed 104896K, reserved 1179648K
  class space    used 14343K, committed 14720K, reserved 1048576K
}
Event: 293.811 GC heap before
{Heap before GC invocations=33 (full 0):
 garbage-first heap   total 229376K, used 203179K [0x0000000080000000, 0x0000000100000000)
  region size 1024K, 64 young (65536K), 2 survivors (2048K)
 Metaspace       used 105841K, committed 106688K, reserved 1179648K
  class space    used 14566K, committed 14976K, reserved 1048576K
}
Event: 293.813 GC heap after
{Heap after GC invocations=34 (full 0):
 garbage-first heap   total 229376K, used 125495K [0x0000000080000000, 0x0000000100000000)
  region size 1024K, 5 young (5120K), 5 survivors (5120K)
 Metaspace       used 105841K, committed 106688K, reserved 1179648K
  class space    used 14566K, committed 14976K, reserved 1048576K
}
Event: 294.346 GC heap before
{Heap before GC invocations=34 (full 0):
 garbage-first heap   total 229376K, used 187959K [0x0000000080000000, 0x0000000100000000)
  region size 1024K, 67 young (68608K), 5 survivors (5120K)
 Metaspace       used 108385K, committed 109184K, reserved 1179648K
  class space    used 14840K, committed 15232K, reserved 1048576K
}
Event: 294.351 GC heap after
{Heap after GC invocations=35 (full 0):
 garbage-first heap   total 229376K, used 132837K [0x0000000080000000, 0x0000000100000000)
  region size 1024K, 9 young (9216K), 9 survivors (9216K)
 Metaspace       used 108385K, committed 109184K, reserved 1179648K
  class space    used 14840K, committed 15232K, reserved 1048576K
}
Event: 300.854 GC heap before
{Heap before GC invocations=35 (full 0):
 garbage-first heap   total 229376K, used 188133K [0x0000000080000000, 0x0000000100000000)
  region size 1024K, 64 young (65536K), 9 survivors (9216K)
 Metaspace       used 113846K, committed 114816K, reserved 1179648K
  class space    used 15665K, committed 16128K, reserved 1048576K
}
Event: 300.858 GC heap after
{Heap after GC invocations=36 (full 0):
 garbage-first heap   total 229376K, used 135771K [0x0000000080000000, 0x0000000100000000)
  region size 1024K, 4 young (4096K), 4 survivors (4096K)
 Metaspace       used 113846K, committed 114816K, reserved 1179648K
  class space    used 15665K, committed 16128K, reserved 1048576K
}
Event: 300.864 GC heap before
{Heap before GC invocations=36 (full 0):
 garbage-first heap   total 229376K, used 136795K [0x0000000080000000, 0x0000000100000000)
  region size 1024K, 6 young (6144K), 4 survivors (4096K)
 Metaspace       used 113966K, committed 114880K, reserved 1179648K
  class space    used 15683K, committed 16128K, reserved 1048576K
}
Event: 300.867 GC heap after
{Heap after GC invocations=37 (full 0):
 garbage-first heap   total 229376K, used 135370K [0x0000000080000000, 0x0000000100000000)
  region size 1024K, 3 young (3072K), 3 survivors (3072K)
 Metaspace       used 113966K, committed 114880K, reserved 1179648K
  class space    used 15683K, committed 16128K, reserved 1048576K
}
Event: 301.358 GC heap before
{Heap before GC invocations=38 (full 0):
 garbage-first heap   total 230400K, used 191690K [0x0000000080000000, 0x0000000100000000)
  region size 1024K, 59 young (60416K), 3 survivors (3072K)
 Metaspace       used 122219K, committed 123136K, reserved 1179648K
  class space    used 16940K, committed 17344K, reserved 1048576K
}
Event: 301.360 GC heap after
{Heap after GC invocations=39 (full 0):
 garbage-first heap   total 230400K, used 136654K [0x0000000080000000, 0x0000000100000000)
  region size 1024K, 4 young (4096K), 4 survivors (4096K)
 Metaspace       used 122219K, committed 123136K, reserved 1179648K
  class space    used 16940K, committed 17344K, reserved 1048576K
}
Event: 301.448 GC heap before
{Heap before GC invocations=39 (full 0):
 garbage-first heap   total 230400K, used 143822K [0x0000000080000000, 0x0000000100000000)
  region size 1024K, 11 young (11264K), 4 survivors (4096K)
 Metaspace       used 123150K, committed 124032K, reserved 1179648K
  class space    used 17091K, committed 17536K, reserved 1048576K
}
Event: 301.451 GC heap after
{Heap after GC invocations=40 (full 0):
 garbage-first heap   total 230400K, used 129076K [0x0000000080000000, 0x0000000100000000)
  region size 1024K, 1 young (1024K), 1 survivors (1024K)
 Metaspace       used 123150K, committed 124032K, reserved 1179648K
  class space    used 17091K, committed 17536K, reserved 1048576K
}
Event: 393.894 GC heap before
{Heap before GC invocations=40 (full 0):
 garbage-first heap   total 230400K, used 212020K [0x0000000080000000, 0x0000000100000000)
  region size 1024K, 65 young (66560K), 1 survivors (1024K)
 Metaspace       used 126929K, committed 127936K, reserved 1179648K
  class space    used 17684K, committed 18176K, reserved 1048576K
}
Event: 393.897 GC heap after
{Heap after GC invocations=41 (full 0):
 garbage-first heap   total 230400K, used 132132K [0x0000000080000000, 0x0000000100000000)
  region size 1024K, 4 young (4096K), 4 survivors (4096K)
 Metaspace       used 126929K, committed 127936K, reserved 1179648K
  class space    used 17684K, committed 18176K, reserved 1048576K
}
Event: 394.712 GC heap before
{Heap before GC invocations=41 (full 0):
 garbage-first heap   total 230400K, used 193572K [0x0000000080000000, 0x0000000100000000)
  region size 1024K, 65 young (66560K), 4 survivors (4096K)
 Metaspace       used 127514K, committed 128512K, reserved 1179648K
  class space    used 17749K, committed 18240K, reserved 1048576K
}
Event: 394.716 GC heap after
{Heap after GC invocations=42 (full 0):
 garbage-first heap   total 230400K, used 138422K [0x0000000080000000, 0x0000000100000000)
  region size 1024K, 9 young (9216K), 9 survivors (9216K)
 Metaspace       used 127514K, committed 128512K, reserved 1179648K
  class space    used 17749K, committed 18240K, reserved 1048576K
}
Event: 401.064 GC heap before
{Heap before GC invocations=42 (full 0):
 garbage-first heap   total 230400K, used 187574K [0x0000000080000000, 0x0000000100000000)
  region size 1024K, 43 young (44032K), 9 survivors (9216K)
 Metaspace       used 127990K, committed 128960K, reserved 1179648K
  class space    used 17756K, committed 18240K, reserved 1048576K
}
Event: 401.068 GC heap after
{Heap after GC invocations=43 (full 0):
 garbage-first heap   total 230400K, used 156762K [0x0000000080000000, 0x0000000100000000)
  region size 1024K, 2 young (2048K), 2 survivors (2048K)
 Metaspace       used 127990K, committed 128960K, reserved 1179648K
  class space    used 17756K, committed 18240K, reserved 1048576K
}

Dll operation events (3 events):
Event: 0.004 Loaded shared library C:\Program Files\Android\Android Studio\jbr\bin\java.dll
Event: 0.072 Loaded shared library C:\Program Files\Android\Android Studio\jbr\bin\zip.dll
Event: 0.218 Loaded shared library C:\Program Files\Android\Android Studio\jbr\bin\verify.dll

Deoptimization events (20 events):
Event: 400.557 Thread 0x00000210975b3000 DEOPT PACKING pc=0x000002108846d1dc sp=0x0000006a3c7fe980
Event: 400.557 Thread 0x00000210975b3000 DEOPT UNPACKING pc=0x00000210874a69a3 sp=0x0000006a3c7fe928 mode 2
Event: 401.016 Thread 0x00000210a316dc10 Uncommon trap: trap_request=0xffffffde fr.pc=0x000002108830fca8 relative=0x0000000000000088
Event: 401.016 Thread 0x00000210a316dc10 Uncommon trap: reason=class_check action=maybe_recompile pc=0x000002108830fca8 method=java.security.MessageDigest$Delegate.engineDigest([BII)I @ 7 c2
Event: 401.016 Thread 0x00000210a316dc10 DEOPT PACKING pc=0x000002108830fca8 sp=0x0000006a44dfce60
Event: 401.016 Thread 0x00000210a316dc10 DEOPT UNPACKING pc=0x00000210874a69a3 sp=0x0000006a44dfcd78 mode 2
Event: 401.022 Thread 0x00000210a6275600 Uncommon trap: trap_request=0xffffffde fr.pc=0x0000021087ec6cd4 relative=0x0000000000002414
Event: 401.022 Thread 0x00000210a6275600 Uncommon trap: reason=class_check action=maybe_recompile pc=0x0000021087ec6cd4 method=org.gradle.internal.snapshot.impl.AbstractValueProcessor.processValue(Ljava/lang/Object;Lorg/gradle/internal/snapshot/impl/AbstractValueProcessor$ValueVisitor;)Ljava/lan
Event: 401.022 Thread 0x00000210a6275600 DEOPT PACKING pc=0x0000021087ec6cd4 sp=0x0000006a413f99c0
Event: 401.022 Thread 0x00000210a6275600 DEOPT UNPACKING pc=0x00000210874a69a3 sp=0x0000006a413f99d0 mode 2
Event: 401.041 Thread 0x00000210975b1320 Uncommon trap: trap_request=0xffffffde fr.pc=0x000002108830fca8 relative=0x0000000000000088
Event: 401.041 Thread 0x00000210975b1320 Uncommon trap: reason=class_check action=maybe_recompile pc=0x000002108830fca8 method=java.security.MessageDigest$Delegate.engineDigest([BII)I @ 7 c2
Event: 401.041 Thread 0x00000210975b1320 DEOPT PACKING pc=0x000002108830fca8 sp=0x0000006a464fd100
Event: 401.041 Thread 0x00000210975b1320 DEOPT UNPACKING pc=0x00000210874a69a3 sp=0x0000006a464fd018 mode 2
Event: 401.046 Thread 0x00000210a6275600 DEOPT PACKING pc=0x00000210818e74ae sp=0x0000006a413fae50
Event: 401.047 Thread 0x00000210a6275600 DEOPT UNPACKING pc=0x00000210874a7143 sp=0x0000006a413fa310 mode 0
Event: 401.166 Thread 0x000002109d2ec3b0 Uncommon trap: trap_request=0xffffff45 fr.pc=0x00000210880b1b44 relative=0x00000000000002a4
Event: 401.166 Thread 0x000002109d2ec3b0 Uncommon trap: reason=unstable_if action=reinterpret pc=0x00000210880b1b44 method=com.esotericsoftware.kryo.io.Input.require(I)I @ 180 c2
Event: 401.166 Thread 0x000002109d2ec3b0 DEOPT PACKING pc=0x00000210880b1b44 sp=0x0000006a3a4ff240
Event: 401.166 Thread 0x000002109d2ec3b0 DEOPT UNPACKING pc=0x00000210874a69a3 sp=0x0000006a3a4ff1f8 mode 2

Classes unloaded (20 events):
Event: 300.891 Thread 0x0000021096012850 Unloading class 0x0000000100dbcc00 'java/lang/invoke/LambdaForm$DMH+0x0000000100dbcc00'
Event: 401.096 Thread 0x0000021096012850 Unloading class 0x0000000100f84800 'jdk/internal/reflect/GeneratedSerializationConstructorAccessor179'
Event: 401.096 Thread 0x0000021096012850 Unloading class 0x0000000100f84400 'jdk/internal/reflect/GeneratedSerializationConstructorAccessor178'
Event: 401.096 Thread 0x0000021096012850 Unloading class 0x0000000100f84000 'jdk/internal/reflect/GeneratedSerializationConstructorAccessor176'
Event: 401.096 Thread 0x0000021096012850 Unloading class 0x0000000100f83c00 'jdk/internal/reflect/GeneratedSerializationConstructorAccessor177'
Event: 401.096 Thread 0x0000021096012850 Unloading class 0x0000000100f83400 'jdk/internal/reflect/GeneratedSerializationConstructorAccessor175'
Event: 401.096 Thread 0x0000021096012850 Unloading class 0x0000000100f83800 'jdk/internal/reflect/GeneratedSerializationConstructorAccessor171'
Event: 401.096 Thread 0x0000021096012850 Unloading class 0x0000000100f83000 'jdk/internal/reflect/GeneratedSerializationConstructorAccessor174'
Event: 401.096 Thread 0x0000021096012850 Unloading class 0x0000000100f82800 'jdk/internal/reflect/GeneratedSerializationConstructorAccessor170'
Event: 401.096 Thread 0x0000021096012850 Unloading class 0x0000000100f82c00 'jdk/internal/reflect/GeneratedSerializationConstructorAccessor172'
Event: 401.096 Thread 0x0000021096012850 Unloading class 0x0000000100f82400 'jdk/internal/reflect/GeneratedSerializationConstructorAccessor169'
Event: 401.096 Thread 0x0000021096012850 Unloading class 0x0000000100f82000 'jdk/internal/reflect/GeneratedSerializationConstructorAccessor173'
Event: 401.096 Thread 0x0000021096012850 Unloading class 0x0000000100f81800 'jdk/internal/reflect/GeneratedSerializationConstructorAccessor163'
Event: 401.096 Thread 0x0000021096012850 Unloading class 0x0000000100f81400 'jdk/internal/reflect/GeneratedSerializationConstructorAccessor164'
Event: 401.096 Thread 0x0000021096012850 Unloading class 0x0000000100f81000 'jdk/internal/reflect/GeneratedSerializationConstructorAccessor168'
Event: 401.096 Thread 0x0000021096012850 Unloading class 0x0000000100f80800 'jdk/internal/reflect/GeneratedSerializationConstructorAccessor167'
Event: 401.096 Thread 0x0000021096012850 Unloading class 0x0000000100f81c00 'jdk/internal/reflect/GeneratedSerializationConstructorAccessor161'
Event: 401.096 Thread 0x0000021096012850 Unloading class 0x0000000100f80000 'jdk/internal/reflect/GeneratedSerializationConstructorAccessor166'
Event: 401.096 Thread 0x0000021096012850 Unloading class 0x0000000100f80400 'jdk/internal/reflect/GeneratedSerializationConstructorAccessor162'
Event: 401.096 Thread 0x0000021096012850 Unloading class 0x0000000100f80c00 'jdk/internal/reflect/GeneratedSerializationConstructorAccessor165'

Classes redefined (0 events):
No events

Internal exceptions (20 events):
Event: 394.249 Thread 0x00000210a316dc10 Exception <a 'java/net/SocketException'{0x000000008aa06c70}: Socket is not connected: shutdown> (0x000000008aa06c70) 
thrown [s\src\hotspot\share\prims\jni.cpp, line 536]
Event: 394.254 Thread 0x00000210a316d270 Exception <a 'sun/nio/fs/WindowsException'{0x000000008be9b880}> (0x000000008be9b880) 
thrown [s\src\hotspot\share\prims\jni.cpp, line 517]
Event: 394.257 Thread 0x00000210a316d270 Exception <a 'sun/nio/fs/WindowsException'{0x000000008a56d4e0}> (0x000000008a56d4e0) 
thrown [s\src\hotspot\share\prims\jni.cpp, line 517]
Event: 394.703 Thread 0x00000210a34919d0 Exception <a 'java/lang/InterruptedException'{0x000000008a459e90}> (0x000000008a459e90) 
thrown [s\src\hotspot\share\runtime\objectMonitor.cpp, line 1658]
Event: 400.913 Thread 0x00000210a6275600 Exception <a 'sun/nio/fs/WindowsException'{0x000000008dce6f78}> (0x000000008dce6f78) 
thrown [s\src\hotspot\share\prims\jni.cpp, line 517]
Event: 400.913 Thread 0x00000210a6275600 Exception <a 'sun/nio/fs/WindowsException'{0x000000008dce8a80}> (0x000000008dce8a80) 
thrown [s\src\hotspot\share\prims\jni.cpp, line 517]
Event: 400.913 Thread 0x00000210a6275600 Exception <a 'sun/nio/fs/WindowsException'{0x000000008dcea460}> (0x000000008dcea460) 
thrown [s\src\hotspot\share\prims\jni.cpp, line 517]
Event: 400.925 Thread 0x00000210a316dc10 Exception <a 'sun/nio/fs/WindowsException'{0x000000008d84ba00}> (0x000000008d84ba00) 
thrown [s\src\hotspot\share\prims\jni.cpp, line 517]
Event: 401.017 Thread 0x00000210a316dc10 Exception <a 'sun/nio/fs/WindowsException'{0x000000008c517030}> (0x000000008c517030) 
thrown [s\src\hotspot\share\prims\jni.cpp, line 517]
Event: 401.027 Thread 0x00000210975b04b0 Exception <a 'sun/nio/fs/WindowsException'{0x000000008c5d8540}> (0x000000008c5d8540) 
thrown [s\src\hotspot\share\prims\jni.cpp, line 517]
Event: 401.027 Thread 0x00000210975b04b0 Exception <a 'sun/nio/fs/WindowsException'{0x000000008c5dac30}> (0x000000008c5dac30) 
thrown [s\src\hotspot\share\prims\jni.cpp, line 517]
Event: 401.028 Thread 0x00000210975b1320 Exception <a 'sun/nio/fs/WindowsException'{0x000000008c5f4a40}> (0x000000008c5f4a40) 
thrown [s\src\hotspot\share\prims\jni.cpp, line 517]
Event: 401.041 Thread 0x00000210975b1320 Exception <a 'sun/nio/fs/WindowsException'{0x000000008c234650}> (0x000000008c234650) 
thrown [s\src\hotspot\share\prims\jni.cpp, line 517]
Event: 401.132 Thread 0x000002109d2eb070 Exception <a 'sun/nio/fs/WindowsException'{0x000000009055a128}> (0x000000009055a128) 
thrown [s\src\hotspot\share\prims\jni.cpp, line 517]
Event: 401.132 Thread 0x000002109d2eb070 Exception <a 'sun/nio/fs/WindowsException'{0x000000009055a508}> (0x000000009055a508) 
thrown [s\src\hotspot\share\prims\jni.cpp, line 517]
Event: 401.132 Thread 0x000002109d2eb070 Exception <a 'sun/nio/fs/WindowsException'{0x000000009055c3f8}> (0x000000009055c3f8) 
thrown [s\src\hotspot\share\prims\jni.cpp, line 517]
Event: 459.923 Thread 0x000002109d2eb070 Exception <a 'sun/nio/fs/WindowsException'{0x000000008ffd9ba0}> (0x000000008ffd9ba0) 
thrown [s\src\hotspot\share\prims\jni.cpp, line 517]
Event: 459.923 Thread 0x000002109d2eb070 Exception <a 'sun/nio/fs/WindowsException'{0x000000008ffdb118}> (0x000000008ffdb118) 
thrown [s\src\hotspot\share\prims\jni.cpp, line 517]
Event: 459.924 Thread 0x000002109d2eb070 Exception <a 'sun/nio/fs/WindowsException'{0x000000008ffdc690}> (0x000000008ffdc690) 
thrown [s\src\hotspot\share\prims\jni.cpp, line 517]
Event: 459.924 Thread 0x000002109d2eb070 Exception <a 'sun/nio/fs/WindowsException'{0x000000008ffdde40}> (0x000000008ffdde40) 
thrown [s\src\hotspot\share\prims\jni.cpp, line 517]

VM Operations (20 events):
Event: 394.013 Executing VM operation: ICBufferFull
Event: 394.013 Executing VM operation: ICBufferFull done
Event: 394.094 Executing VM operation: ICBufferFull
Event: 394.095 Executing VM operation: ICBufferFull done
Event: 394.214 Executing VM operation: ICBufferFull
Event: 394.214 Executing VM operation: ICBufferFull done
Event: 394.712 Executing VM operation: G1CollectForAllocation
Event: 394.716 Executing VM operation: G1CollectForAllocation done
Event: 396.716 Executing VM operation: Cleanup
Event: 396.716 Executing VM operation: Cleanup done
Event: 400.967 Executing VM operation: ICBufferFull
Event: 400.967 Executing VM operation: ICBufferFull done
Event: 401.064 Executing VM operation: G1TryInitiateConcMark
Event: 401.068 Executing VM operation: G1TryInitiateConcMark done
Event: 401.095 Executing VM operation: G1Concurrent
Event: 401.108 Executing VM operation: G1Concurrent done
Event: 401.130 Executing VM operation: G1Concurrent
Event: 401.130 Executing VM operation: G1Concurrent done
Event: 402.130 Executing VM operation: Cleanup
Event: 402.130 Executing VM operation: Cleanup done

Events (20 events):
Event: 401.166 Thread 0x000002109d2ec3b0 Thread exited: 0x000002109d2ec3b0
Event: 406.167 Thread 0x00000210a4721510 Thread exited: 0x00000210a4721510
Event: 406.167 Thread 0x000002109b5885d0 Thread exited: 0x000002109b5885d0
Event: 409.680 Thread 0x00000210a471c410 Thread exited: 0x00000210a471c410
Event: 409.680 Thread 0x00000210a471b9f0 Thread exited: 0x00000210a471b9f0
Event: 409.680 Thread 0x000002109b584400 Thread exited: 0x000002109b584400
Event: 410.862 Thread 0x00000210a471d850 Thread exited: 0x00000210a471d850
Event: 410.863 Thread 0x00000210a471c920 Thread exited: 0x00000210a471c920
Event: 415.862 Thread 0x00000210a47205e0 Thread exited: 0x00000210a47205e0
Event: 415.862 Thread 0x00000210a471f6b0 Thread exited: 0x00000210a471f6b0
Event: 420.863 Thread 0x00000210a471ce30 Thread exited: 0x00000210a471ce30
Event: 459.892 Thread 0x000002109b28fbc0 Thread added: 0x000002109b28fbc0
Event: 459.895 Thread 0x000002109b290560 Thread added: 0x000002109b290560
Event: 459.898 Thread 0x000002109b28e3b0 Thread added: 0x000002109b28e3b0
Event: 459.899 Thread 0x000002109b2913d0 Thread added: 0x000002109b2913d0
Event: 459.899 Thread 0x000002109b28f6f0 Thread added: 0x000002109b28f6f0
Event: 459.913 Thread 0x000002109b28e880 Thread added: 0x000002109b28e880
Event: 459.916 Thread 0x000002109b290090 Thread added: 0x000002109b290090
Event: 459.918 Thread 0x000002109b28d540 Thread added: 0x000002109b28d540
Event: 459.919 Thread 0x000002109b290a30 Thread added: 0x000002109b290a30


Dynamic libraries:
0x00007ff768960000 - 0x00007ff76896a000 	C:\Program Files\Android\Android Studio\jbr\bin\java.exe
0x00007fff66f30000 - 0x00007fff67146000 	C:\Windows\SYSTEM32\ntdll.dll
0x00007fff657e0000 - 0x00007fff658a4000 	C:\Windows\System32\KERNEL32.DLL
0x00007fff64570000 - 0x00007fff64917000 	C:\Windows\System32\KERNELBASE.dll
0x00007fff64b40000 - 0x00007fff64c51000 	C:\Windows\System32\ucrtbase.dll
0x00007fff5da70000 - 0x00007fff5da8b000 	C:\Program Files\Android\Android Studio\jbr\bin\VCRUNTIME140.dll
0x00007ffef30e0000 - 0x00007ffef30f7000 	C:\Program Files\Android\Android Studio\jbr\bin\jli.dll
0x00007fff65c30000 - 0x00007fff65dde000 	C:\Windows\System32\USER32.dll
0x00007fff4a6f0000 - 0x00007fff4a983000 	C:\Windows\WinSxS\amd64_microsoft.windows.common-controls_6595b64144ccf1df_6.0.22621.3235_none_270f74e173860f98\COMCTL32.dll
0x00007fff64a90000 - 0x00007fff64ab6000 	C:\Windows\System32\win32u.dll
0x00007fff66ac0000 - 0x00007fff66ae9000 	C:\Windows\System32\GDI32.dll
0x00007fff66e40000 - 0x00007fff66ee7000 	C:\Windows\System32\msvcrt.dll
0x00007fff64360000 - 0x00007fff64479000 	C:\Windows\System32\gdi32full.dll
0x00007fff64250000 - 0x00007fff642ea000 	C:\Windows\System32\msvcp_win.dll
0x00007fff64ff0000 - 0x00007fff65021000 	C:\Windows\System32\IMM32.DLL
0x00007fff5da60000 - 0x00007fff5da6c000 	C:\Program Files\Android\Android Studio\jbr\bin\vcruntime140_1.dll
0x00007fff5c320000 - 0x00007fff5c3ad000 	C:\Program Files\Android\Android Studio\jbr\bin\msvcp140.dll
0x00007ffef3460000 - 0x00007ffef40e0000 	C:\Program Files\Android\Android Studio\jbr\bin\server\jvm.dll
0x00007fff65030000 - 0x00007fff650e2000 	C:\Windows\System32\ADVAPI32.dll
0x00007fff65b50000 - 0x00007fff65bf8000 	C:\Windows\System32\sechost.dll
0x00007fff64540000 - 0x00007fff64568000 	C:\Windows\System32\bcrypt.dll
0x00007fff66af0000 - 0x00007fff66c05000 	C:\Windows\System32\RPCRT4.dll
0x00007fff5cdc0000 - 0x00007fff5cdf4000 	C:\Windows\SYSTEM32\WINMM.dll
0x00007fff40890000 - 0x00007fff40899000 	C:\Windows\SYSTEM32\WSOCK32.dll
0x00007fff53120000 - 0x00007fff5312a000 	C:\Windows\SYSTEM32\VERSION.dll
0x00007fff65680000 - 0x00007fff656f1000 	C:\Windows\System32\WS2_32.dll
0x00007fff632d0000 - 0x00007fff632e8000 	C:\Windows\SYSTEM32\kernel.appcore.dll
0x00007fff139c0000 - 0x00007fff139ca000 	C:\Program Files\Android\Android Studio\jbr\bin\jimage.dll
0x00007fff56670000 - 0x00007fff568a3000 	C:\Windows\SYSTEM32\DBGHELP.DLL
0x00007fff64c60000 - 0x00007fff64fe8000 	C:\Windows\System32\combase.dll
0x00007fff65700000 - 0x00007fff657d7000 	C:\Windows\System32\OLEAUT32.dll
0x00007fff4b9d0000 - 0x00007fff4ba02000 	C:\Windows\SYSTEM32\dbgcore.DLL
0x00007fff64ac0000 - 0x00007fff64b39000 	C:\Windows\System32\bcryptPrimitives.dll
0x00007fff0fb60000 - 0x00007fff0fb6e000 	C:\Program Files\Android\Android Studio\jbr\bin\instrument.dll
0x00007ffef9e60000 - 0x00007ffef9e85000 	C:\Program Files\Android\Android Studio\jbr\bin\java.dll
0x00007ffef92c0000 - 0x00007ffef92d8000 	C:\Program Files\Android\Android Studio\jbr\bin\zip.dll
0x00007fff66260000 - 0x00007fff66abc000 	C:\Windows\System32\SHELL32.dll
0x00007fff62160000 - 0x00007fff62a59000 	C:\Windows\SYSTEM32\windows.storage.dll
0x00007fff62020000 - 0x00007fff6215e000 	C:\Windows\SYSTEM32\wintypes.dll
0x00007fff65460000 - 0x00007fff65553000 	C:\Windows\System32\SHCORE.dll
0x00007fff65100000 - 0x00007fff6515e000 	C:\Windows\System32\shlwapi.dll
0x00007fff64180000 - 0x00007fff641a1000 	C:\Windows\SYSTEM32\profapi.dll
0x00007ffef92a0000 - 0x00007ffef92b9000 	C:\Program Files\Android\Android Studio\jbr\bin\net.dll
0x00007fff5e130000 - 0x00007fff5e266000 	C:\Windows\SYSTEM32\WINHTTP.dll
0x00007fff637b0000 - 0x00007fff63819000 	C:\Windows\system32\mswsock.dll
0x00007ffef7a20000 - 0x00007ffef7a36000 	C:\Program Files\Android\Android Studio\jbr\bin\nio.dll
0x00007fff13370000 - 0x00007fff13380000 	C:\Program Files\Android\Android Studio\jbr\bin\verify.dll
0x00007fff5da90000 - 0x00007fff5dab7000 	C:\Users\ASUS\.gradle\native\68d5fa5c4cc2d200863cafc0d521ce42e7d3e7ee720ec0a83991735586a16f82\windows-amd64\native-platform.dll
0x00007fff36790000 - 0x00007fff368d4000 	C:\Users\ASUS\.gradle\native\e376f236ea51e6404a007f0833ffe2c6e607c4080706a723a18a27aeea778392\windows-amd64\native-platform-file-events.dll
0x00007fff131c0000 - 0x00007fff131c9000 	C:\Program Files\Android\Android Studio\jbr\bin\management.dll
0x00007fff10d20000 - 0x00007fff10d2b000 	C:\Program Files\Android\Android Studio\jbr\bin\management_ext.dll
0x00007fff65c20000 - 0x00007fff65c28000 	C:\Windows\System32\PSAPI.DLL
0x00007fff639d0000 - 0x00007fff639eb000 	C:\Windows\SYSTEM32\CRYPTSP.dll
0x00007fff63220000 - 0x00007fff63255000 	C:\Windows\system32\rsaenh.dll
0x00007fff63870000 - 0x00007fff63898000 	C:\Windows\SYSTEM32\USERENV.dll
0x00007fff639f0000 - 0x00007fff639fc000 	C:\Windows\SYSTEM32\CRYPTBASE.dll
0x00007fff62cc0000 - 0x00007fff62ced000 	C:\Windows\SYSTEM32\IPHLPAPI.DLL
0x00007fff650f0000 - 0x00007fff650f9000 	C:\Windows\System32\NSI.dll
0x00007fff5ded0000 - 0x00007fff5dee9000 	C:\Windows\SYSTEM32\dhcpcsvc6.DLL
0x00007fff5de90000 - 0x00007fff5deaf000 	C:\Windows\SYSTEM32\dhcpcsvc.DLL
0x00007fff62d30000 - 0x00007fff62e29000 	C:\Windows\SYSTEM32\DNSAPI.dll
0x00007fff20220000 - 0x00007fff20228000 	C:\Windows\system32\wshunix.dll
0x00007fff38c90000 - 0x00007fff38ca7000 	C:\Windows\system32\napinsp.dll
0x00007fff38c70000 - 0x00007fff38c8b000 	C:\Windows\system32\pnrpnsp.dll
0x00007fff38b20000 - 0x00007fff38b31000 	C:\Windows\System32\winrnr.dll
0x00007fff5b310000 - 0x00007fff5b325000 	C:\Windows\system32\wshbth.dll
0x00007fff38af0000 - 0x00007fff38b11000 	C:\Windows\system32\nlansp_c.dll
0x00000000527b0000 - 0x00000000527d6000 	C:\Program Files\Bonjour\mdnsNSP.dll
0x00007fff5d170000 - 0x00007fff5d17a000 	C:\Windows\System32\rasadhlp.dll
0x00007fff5ce00000 - 0x00007fff5ce83000 	C:\Windows\System32\fwpuclnt.dll
0x00007fff2d310000 - 0x00007fff2d317000 	C:\Program Files\Android\Android Studio\jbr\bin\rmi.dll
0x00007fff5f040000 - 0x00007fff5f05e000 	C:\Users\ASUS\AppData\Local\Temp\native-platform8754998802043378689dir\native-platform.dll

dbghelp: loaded successfully - version: 4.0.5 - missing functions: none
symbol engine: initialized successfully - sym options: 0x614 - pdb path: .;C:\Program Files\Android\Android Studio\jbr\bin;C:\Windows\SYSTEM32;C:\Windows\WinSxS\amd64_microsoft.windows.common-controls_6595b64144ccf1df_6.0.22621.3235_none_270f74e173860f98;C:\Program Files\Android\Android Studio\jbr\bin\server;C:\Users\ASUS\.gradle\native\68d5fa5c4cc2d200863cafc0d521ce42e7d3e7ee720ec0a83991735586a16f82\windows-amd64;C:\Users\ASUS\.gradle\native\e376f236ea51e6404a007f0833ffe2c6e607c4080706a723a18a27aeea778392\windows-amd64;C:\Program Files\Bonjour;C:\Users\ASUS\AppData\Local\Temp\native-platform8754998802043378689dir

VM Arguments:
jvm_args: --add-opens=java.base/java.util=ALL-UNNAMED --add-opens=java.base/java.lang=ALL-UNNAMED --add-opens=java.base/java.lang.invoke=ALL-UNNAMED --add-opens=java.prefs/java.util.prefs=ALL-UNNAMED --add-opens=java.base/java.nio.charset=ALL-UNNAMED --add-opens=java.base/java.net=ALL-UNNAMED --add-opens=java.base/java.util.concurrent.atomic=ALL-UNNAMED -Xmx2048m -Dfile.encoding=UTF-8 -Duser.country=US -Duser.language=en -Duser.variant -javaagent:C:\Users\ASUS\.gradle\wrapper\dists\gradle-8.2-bin\bbg7u40eoinfdyxsxr3z4i7ta\gradle-8.2\lib\agents\gradle-instrumentation-agent-8.2.jar 
java_command: org.gradle.launcher.daemon.bootstrap.GradleDaemon 8.2
java_class_path (initial): C:\Users\ASUS\.gradle\wrapper\dists\gradle-8.2-bin\bbg7u40eoinfdyxsxr3z4i7ta\gradle-8.2\lib\gradle-launcher-8.2.jar
Launcher Type: SUN_STANDARD

[Global flags]
     intx CICompilerCount                          = 12                                        {product} {ergonomic}
     uint ConcGCThreads                            = 4                                         {product} {ergonomic}
     uint G1ConcRefinementThreads                  = 15                                        {product} {ergonomic}
   size_t G1HeapRegionSize                         = 1048576                                   {product} {ergonomic}
    uintx GCDrainStackTargetSize                   = 64                                        {product} {ergonomic}
   size_t InitialHeapSize                          = 264241152                                 {product} {ergonomic}
   size_t MarkStackSize                            = 4194304                                   {product} {ergonomic}
   size_t MaxHeapSize                              = 2147483648                                {product} {command line}
   size_t MaxNewSize                               = 1287651328                                {product} {ergonomic}
   size_t MinHeapDeltaBytes                        = 1048576                                   {product} {ergonomic}
   size_t MinHeapSize                              = 8388608                                   {product} {ergonomic}
    uintx NonNMethodCodeHeapSize                   = 7602480                                {pd product} {ergonomic}
    uintx NonProfiledCodeHeapSize                  = 122027880                              {pd product} {ergonomic}
    uintx ProfiledCodeHeapSize                     = 122027880                              {pd product} {ergonomic}
    uintx ReservedCodeCacheSize                    = 251658240                              {pd product} {ergonomic}
     bool SegmentedCodeCache                       = true                                      {product} {ergonomic}
   size_t SoftMaxHeapSize                          = 2147483648                             {manageable} {ergonomic}
     bool UseCompressedClassPointers               = true                           {product lp64_product} {ergonomic}
     bool UseCompressedOops                        = true                           {product lp64_product} {ergonomic}
     bool UseG1GC                                  = true                                      {product} {ergonomic}
     bool UseLargePagesIndividualAllocation        = false                                  {pd product} {ergonomic}

Logging:
Log output configuration:
 #0: stdout all=warning uptime,level,tags
 #1: stderr all=off uptime,level,tags

Environment Variables:
PATH=C:\Program Files\Common Files\Oracle\Java\javapath;C:\Windows\system32;C:\Windows;C:\Windows\System32\Wbem;C:\Windows\System32\WindowsPowerShell\v1.0\;C:\Windows\System32\OpenSSH\;C:\Program Files\Azure Data Studio\bin;C:\Program Files\Microsoft SQL Server\Client SDK\ODBC\170\Tools\Binn\;C:\Program Files (x86)\Microsoft SQL Server\150\Tools\Binn\;C:\Program Files\Microsoft SQL Server\150\Tools\Binn\;C:\Program Files\Microsoft SQL Server\150\DTS\Binn\;C:\Program Files (x86)\Microsoft SQL Server\160\DTS\Binn\;C:\Program Files\Git\cmd;C:\Program Files\nodejs\;C:\Program Files\Cloudflare\Cloudflare WARP\;C:\Program Files\MongoDB\Server\7.0\bin;C:\Users\ASUS\AppData\Local\Programs\Python\Launcher\;C:\Program Files\MySQL\MySQL Shell 8.0\bin\;C:\Users\ASUS\AppData\Local\Microsoft\WindowsApps;C:\Program Files\Azure Data Studio\bin;C:\Users\ASUS\AppData\Local\Programs\Microsoft VS Code\bin;C:\Users\ASUS\AppData\Roaming\npm;C:\Users\ASUS\AppData\Local\JetBrains\PyCharm Community Edition 2023.3.2\bin;;C:\Users\ASUS\AppData\Local\GitHubDesktop\bin
USERNAME=ASUS
OS=Windows_NT
PROCESSOR_IDENTIFIER=Intel64 Family 6 Model 186 Stepping 2, GenuineIntel
TMP=C:\Users\ASUS\AppData\Local\Temp
TEMP=C:\Users\ASUS\AppData\Local\Temp


JNI global refs:
JNI global refs: 37, weak refs: 5

JNI global refs memory usage: 843, weak refs: 841

OOME stack traces (most recent first):
Classloader memory used:
Loader org.gradle.internal.classloader.VisitableURLClassLoader$InstrumentingVisitableURLClassLoader: 5766K
Loader org.gradle.internal.classloader.VisitableURLClassLoader                         : 5192K
Loader bootstrap                                                                       : 3419K
Loader org.gradle.initialization.MixInLegacyTypesClassLoader                           : 1361K
Loader jdk.internal.reflect.DelegatingClassLoader                                      : 165K
Loader jdk.internal.loader.ClassLoaders$PlatformClassLoader                            : 67199B
Loader jdk.internal.loader.ClassLoaders$AppClassLoader                                 : 28352B
Loader org.gradle.groovy.scripts.internal.DefaultScriptCompilationHandler$ScriptClassLoader: 3067B
Loader org.codehaus.groovy.runtime.callsite.CallSiteClassLoader                        : 802B
Loader sun.reflect.misc.MethodUtil                                                     : 373B


[error occurred during error reporting (Classloader stats), id 0xe0000001, Out of Memory Error (s\src\hotspot\share\memory\arena.cpp:78)]


---------------  S Y S T E M  ---------------

OS:
 Windows 11 , 64 bit Build 22621 (10.0.22621.3374)
OS uptime: 0 days 1:35 hours
Hyper-V role detected

CPU: total 20 (initial active 20) (10 cores per cpu, 2 threads per core) family 6 model 186 stepping 2 microcode 0x410e, cx8, cmov, fxsr, ht, mmx, 3dnowpref, sse, sse2, sse3, ssse3, sse4.1, sse4.2, popcnt, lzcnt, tsc, tscinvbit, avx, avx2, aes, erms, clmul, bmi1, bmi2, adx, sha, fma, vzeroupper, clflush, clflushopt, clwb, hv

Memory: 4k page, system-wide physical 16003M (1925M free)
TotalPageFile size 16003M (AvailPageFile size 5M)
current process WorkingSet (physical memory assigned to process): 571M, peak: 671M
current process commit charge ("private bytes"): 638M, peak: 721M

vm_info: OpenJDK 64-Bit Server VM (17.0.7+0-b2043.56-10550314) for windows-amd64 JRE (17.0.7+0-b2043.56-10550314), built on Jul 24 2023 18:27:45 by "androidbuild" with MS VC++ 16.10 / 16.11 (VS2019)

END.
